
*** Running vivado
    with args -log system_axi_iic_0_0.vds -m64 -product Vivado -mode batch -messageDb vivado.pb -notrace -source system_axi_iic_0_0.tcl



****** Vivado v2020.1 (64-bit)
  **** SW Build 2902540 on Wed May 27 19:54:49 MDT 2020
  **** IP Build 2902112 on Wed May 27 22:43:36 MDT 2020
    ** Copyright 1986-2020 Xilinx, Inc. All Rights Reserved.

source system_axi_iic_0_0.tcl -notrace
create_project: Time (s): cpu = 00:00:05 ; elapsed = 00:00:11 . Memory (MB): peak = 1097.363 ; gain = 0.000
INFO: [IP_Flow 19-234] Refreshing IP repositories
INFO: [IP_Flow 19-1700] Loaded user IP repository 'u:/sdmay23-47/petalinux/hw/hw/hw.ipdefs/repo'.
INFO: [IP_Flow 19-2313] Loaded Vivado IP repository 'F:/Xilinx/Vivado/2020.1/data/ip'.
Command: synth_design -top system_axi_iic_0_0 -part xc7z010clg400-1 -mode out_of_context
Starting synth_design
Attempting to get a license for feature 'Synthesis' and/or device 'xc7z010'
INFO: [Common 17-349] Got license for feature 'Synthesis' and/or device 'xc7z010'
INFO: [Device 21-403] Loading part xc7z010clg400-1
INFO: [Synth 8-7079] Multithreading enabled for synth_design using a maximum of 2 processes.
INFO: [Synth 8-7078] Launching helper process for spawning children vivado processes
INFO: [Synth 8-7075] Helper process launched with PID 40876
---------------------------------------------------------------------------------
Starting RTL Elaboration : Time (s): cpu = 00:00:10 ; elapsed = 00:00:14 . Memory (MB): peak = 1097.363 ; gain = 0.000
---------------------------------------------------------------------------------
WARNING: [Synth 8-2048] function gpo_bit_used does not always return a value [u:/sdmay23-47/petalinux/hw/hw/hw.srcs/sources_1/bd/system/ipshared/d1e4/hdl/axi_iic_v2_0_vh_rfs.vhd:1147]
INFO: [Synth 8-638] synthesizing module 'system_axi_iic_0_0' [u:/sdmay23-47/petalinux/hw/hw/hw.srcs/sources_1/bd/system/ip/system_axi_iic_0_0/synth/system_axi_iic_0_0.vhd:91]
	Parameter C_FAMILY bound to: zynq - type: string 
	Parameter C_S_AXI_ADDR_WIDTH bound to: 9 - type: integer 
	Parameter C_S_AXI_DATA_WIDTH bound to: 32 - type: integer 
	Parameter C_IIC_FREQ bound to: 100000 - type: integer 
	Parameter C_TEN_BIT_ADR bound to: 0 - type: integer 
	Parameter C_GPO_WIDTH bound to: 1 - type: integer 
	Parameter C_S_AXI_ACLK_FREQ_HZ bound to: 100000000 - type: integer 
	Parameter C_SCL_INERTIAL_DELAY bound to: 0 - type: integer 
	Parameter C_SDA_INERTIAL_DELAY bound to: 0 - type: integer 
	Parameter C_SDA_LEVEL bound to: 1 - type: integer 
	Parameter C_SMBUS_PMBUS_HOST bound to: 0 - type: integer 
	Parameter C_DISABLE_SETUP_VIOLATION_CHECK bound to: 0 - type: integer 
	Parameter C_STATIC_TIMING_REG_WIDTH bound to: 0 - type: integer 
	Parameter C_TIMING_REG_WIDTH bound to: 32 - type: integer 
	Parameter C_DEFAULT_VALUE bound to: 8'b00000000 
INFO: [Synth 8-3491] module 'axi_iic' declared at 'u:/sdmay23-47/petalinux/hw/hw/hw.srcs/sources_1/bd/system/ipshared/d1e4/hdl/axi_iic_v2_0_vh_rfs.vhd:6827' bound to instance 'U0' of component 'axi_iic' [u:/sdmay23-47/petalinux/hw/hw/hw.srcs/sources_1/bd/system/ip/system_axi_iic_0_0/synth/system_axi_iic_0_0.vhd:184]
INFO: [Synth 8-638] synthesizing module 'axi_iic' [u:/sdmay23-47/petalinux/hw/hw/hw.srcs/sources_1/bd/system/ipshared/d1e4/hdl/axi_iic_v2_0_vh_rfs.vhd:6901]
	Parameter C_FAMILY bound to: zynq - type: string 
	Parameter C_S_AXI_ADDR_WIDTH bound to: 9 - type: integer 
	Parameter C_S_AXI_DATA_WIDTH bound to: 32 - type: integer 
	Parameter C_IIC_FREQ bound to: 100000 - type: integer 
	Parameter C_TEN_BIT_ADR bound to: 0 - type: integer 
	Parameter C_GPO_WIDTH bound to: 1 - type: integer 
	Parameter C_S_AXI_ACLK_FREQ_HZ bound to: 100000000 - type: integer 
	Parameter C_SCL_INERTIAL_DELAY bound to: 0 - type: integer 
	Parameter C_SDA_INERTIAL_DELAY bound to: 0 - type: integer 
	Parameter C_SDA_LEVEL bound to: 1 - type: integer 
	Parameter C_SMBUS_PMBUS_HOST bound to: 0 - type: integer 
	Parameter C_DISABLE_SETUP_VIOLATION_CHECK bound to: 0 - type: integer 
	Parameter C_STATIC_TIMING_REG_WIDTH bound to: 0 - type: integer 
	Parameter C_TIMING_REG_WIDTH bound to: 32 - type: integer 
	Parameter C_DEFAULT_VALUE bound to: 8'b00000000 
INFO: [Synth 8-638] synthesizing module 'iic' [u:/sdmay23-47/petalinux/hw/hw/hw.srcs/sources_1/bd/system/ipshared/d1e4/hdl/axi_iic_v2_0_vh_rfs.vhd:6210]
	Parameter C_NUM_IIC_REGS bound to: 18 - type: integer 
	Parameter C_S_AXI_ACLK_FREQ_HZ bound to: 100000000 - type: integer 
	Parameter C_IIC_FREQ bound to: 100000 - type: integer 
	Parameter C_TEN_BIT_ADR bound to: 0 - type: integer 
	Parameter C_GPO_WIDTH bound to: 1 - type: integer 
	Parameter C_SCL_INERTIAL_DELAY bound to: 0 - type: integer 
	Parameter C_SDA_INERTIAL_DELAY bound to: 0 - type: integer 
	Parameter C_SDA_LEVEL bound to: 1 - type: integer 
	Parameter C_DISABLE_SETUP_VIOLATION_CHECK bound to: 0 - type: integer 
	Parameter C_SMBUS_PMBUS_HOST bound to: 0 - type: integer 
	Parameter C_TX_FIFO_EXIST bound to: 1 - type: bool 
	Parameter C_RC_FIFO_EXIST bound to: 1 - type: bool 
	Parameter C_STATIC_TIMING_REG_WIDTH bound to: 0 - type: integer 
	Parameter C_TIMING_REG_WIDTH bound to: 32 - type: integer 
	Parameter C_S_AXI_ADDR_WIDTH bound to: 9 - type: integer 
	Parameter C_S_AXI_DATA_WIDTH bound to: 32 - type: integer 
	Parameter C_FAMILY bound to: zynq - type: string 
	Parameter C_DEFAULT_VALUE bound to: 8'b00000000 
INFO: [Synth 8-638] synthesizing module 'axi_ipif_ssp1' [u:/sdmay23-47/petalinux/hw/hw/hw.srcs/sources_1/bd/system/ipshared/d1e4/hdl/axi_iic_v2_0_vh_rfs.vhd:5677]
	Parameter C_NUM_IIC_REGS bound to: 18 - type: integer 
	Parameter C_S_AXI_ADDR_WIDTH bound to: 9 - type: integer 
	Parameter C_S_AXI_DATA_WIDTH bound to: 32 - type: integer 
	Parameter C_FAMILY bound to: zynq - type: string 
INFO: [Synth 8-638] synthesizing module 'axi_lite_ipif' [u:/sdmay23-47/petalinux/hw/hw/hw.srcs/sources_1/bd/system/ipshared/66ea/hdl/axi_lite_ipif_v3_0_vh_rfs.vhd:2948]
	Parameter C_S_AXI_DATA_WIDTH bound to: 32 - type: integer 
	Parameter C_S_AXI_ADDR_WIDTH bound to: 9 - type: integer 
	Parameter C_S_AXI_MIN_SIZE bound to: 32'b00000000000000000000000111111111 
	Parameter C_USE_WSTRB bound to: 0 - type: integer 
	Parameter C_DPHASE_TIMEOUT bound to: 8 - type: integer 
	Parameter C_ARD_ADDR_RANGE_ARRAY bound to: 384'b000000000000000000000000000000000000000000000000000000000000000000000000000000000000000000000000000000000000000000000000001111110000000000000000000000000000000000000000000000000000000001000000000000000000000000000000000000000000000000000000000000000100001100000000000000000000000000000000000000000000000000000001000000000000000000000000000000000000000000000000000000000000000111111111 
	Parameter C_ARD_NUM_CE_ARRAY bound to: 96'b000000000000000000000000000100000000000000000000000000000000000100000000000000000000000000010010 
	Parameter C_FAMILY bound to: zynq - type: string 
INFO: [Synth 8-638] synthesizing module 'slave_attachment' [u:/sdmay23-47/petalinux/hw/hw/hw.srcs/sources_1/bd/system/ipshared/66ea/hdl/axi_lite_ipif_v3_0_vh_rfs.vhd:2341]
	Parameter C_ARD_ADDR_RANGE_ARRAY bound to: 384'b000000000000000000000000000000000000000000000000000000000000000000000000000000000000000000000000000000000000000000000000001111110000000000000000000000000000000000000000000000000000000001000000000000000000000000000000000000000000000000000000000000000100001100000000000000000000000000000000000000000000000000000001000000000000000000000000000000000000000000000000000000000000000111111111 
	Parameter C_ARD_NUM_CE_ARRAY bound to: 96'b000000000000000000000000000100000000000000000000000000000000000100000000000000000000000000010010 
	Parameter C_IPIF_ABUS_WIDTH bound to: 9 - type: integer 
	Parameter C_IPIF_DBUS_WIDTH bound to: 32 - type: integer 
	Parameter C_S_AXI_MIN_SIZE bound to: 511 - type: integer 
	Parameter C_USE_WSTRB bound to: 0 - type: integer 
	Parameter C_DPHASE_TIMEOUT bound to: 8 - type: integer 
	Parameter C_FAMILY bound to: zynq - type: string 
INFO: [Synth 8-638] synthesizing module 'address_decoder' [u:/sdmay23-47/petalinux/hw/hw/hw.srcs/sources_1/bd/system/ipshared/66ea/hdl/axi_lite_ipif_v3_0_vh_rfs.vhd:1775]
	Parameter C_BUS_AWIDTH bound to: 9 - type: integer 
	Parameter C_S_AXI_MIN_SIZE bound to: 511 - type: integer 
	Parameter C_ARD_ADDR_RANGE_ARRAY bound to: 384'b000000000000000000000000000000000000000000000000000000000000000000000000000000000000000000000000000000000000000000000000001111110000000000000000000000000000000000000000000000000000000001000000000000000000000000000000000000000000000000000000000000000100001100000000000000000000000000000000000000000000000000000001000000000000000000000000000000000000000000000000000000000000000111111111 
	Parameter C_ARD_NUM_CE_ARRAY bound to: 96'b000000000000000000000000000100000000000000000000000000000000000100000000000000000000000000010010 
	Parameter C_FAMILY bound to: nofamily - type: string 
INFO: [Synth 8-638] synthesizing module 'pselect_f' [u:/sdmay23-47/petalinux/hw/hw/hw.srcs/sources_1/bd/system/ipshared/66ea/hdl/axi_lite_ipif_v3_0_vh_rfs.vhd:1534]
	Parameter C_AB bound to: 3 - type: integer 
	Parameter C_AW bound to: 9 - type: integer 
	Parameter C_BAR bound to: 9'b000000000 
	Parameter C_FAMILY bound to: nofamily - type: string 
INFO: [Synth 8-256] done synthesizing module 'pselect_f' (1#1) [u:/sdmay23-47/petalinux/hw/hw/hw.srcs/sources_1/bd/system/ipshared/66ea/hdl/axi_lite_ipif_v3_0_vh_rfs.vhd:1534]
INFO: [Synth 8-638] synthesizing module 'pselect_f__parameterized0' [u:/sdmay23-47/petalinux/hw/hw/hw.srcs/sources_1/bd/system/ipshared/66ea/hdl/axi_lite_ipif_v3_0_vh_rfs.vhd:1534]
	Parameter C_AB bound to: 4 - type: integer 
	Parameter C_AW bound to: 4 - type: integer 
	Parameter C_BAR bound to: 4'b0000 
	Parameter C_FAMILY bound to: nofamily - type: string 
INFO: [Synth 8-256] done synthesizing module 'pselect_f__parameterized0' (1#1) [u:/sdmay23-47/petalinux/hw/hw/hw.srcs/sources_1/bd/system/ipshared/66ea/hdl/axi_lite_ipif_v3_0_vh_rfs.vhd:1534]
INFO: [Synth 8-638] synthesizing module 'pselect_f__parameterized1' [u:/sdmay23-47/petalinux/hw/hw/hw.srcs/sources_1/bd/system/ipshared/66ea/hdl/axi_lite_ipif_v3_0_vh_rfs.vhd:1534]
	Parameter C_AB bound to: 4 - type: integer 
	Parameter C_AW bound to: 4 - type: integer 
	Parameter C_BAR bound to: 4'b0001 
	Parameter C_FAMILY bound to: nofamily - type: string 
INFO: [Synth 8-256] done synthesizing module 'pselect_f__parameterized1' (1#1) [u:/sdmay23-47/petalinux/hw/hw/hw.srcs/sources_1/bd/system/ipshared/66ea/hdl/axi_lite_ipif_v3_0_vh_rfs.vhd:1534]
INFO: [Synth 8-638] synthesizing module 'pselect_f__parameterized2' [u:/sdmay23-47/petalinux/hw/hw/hw.srcs/sources_1/bd/system/ipshared/66ea/hdl/axi_lite_ipif_v3_0_vh_rfs.vhd:1534]
	Parameter C_AB bound to: 4 - type: integer 
	Parameter C_AW bound to: 4 - type: integer 
	Parameter C_BAR bound to: 4'b0010 
	Parameter C_FAMILY bound to: nofamily - type: string 
INFO: [Synth 8-256] done synthesizing module 'pselect_f__parameterized2' (1#1) [u:/sdmay23-47/petalinux/hw/hw/hw.srcs/sources_1/bd/system/ipshared/66ea/hdl/axi_lite_ipif_v3_0_vh_rfs.vhd:1534]
INFO: [Synth 8-638] synthesizing module 'pselect_f__parameterized3' [u:/sdmay23-47/petalinux/hw/hw/hw.srcs/sources_1/bd/system/ipshared/66ea/hdl/axi_lite_ipif_v3_0_vh_rfs.vhd:1534]
	Parameter C_AB bound to: 4 - type: integer 
	Parameter C_AW bound to: 4 - type: integer 
	Parameter C_BAR bound to: 4'b0011 
	Parameter C_FAMILY bound to: nofamily - type: string 
INFO: [Synth 8-256] done synthesizing module 'pselect_f__parameterized3' (1#1) [u:/sdmay23-47/petalinux/hw/hw/hw.srcs/sources_1/bd/system/ipshared/66ea/hdl/axi_lite_ipif_v3_0_vh_rfs.vhd:1534]
INFO: [Synth 8-638] synthesizing module 'pselect_f__parameterized4' [u:/sdmay23-47/petalinux/hw/hw/hw.srcs/sources_1/bd/system/ipshared/66ea/hdl/axi_lite_ipif_v3_0_vh_rfs.vhd:1534]
	Parameter C_AB bound to: 4 - type: integer 
	Parameter C_AW bound to: 4 - type: integer 
	Parameter C_BAR bound to: 4'b0100 
	Parameter C_FAMILY bound to: nofamily - type: string 
INFO: [Synth 8-256] done synthesizing module 'pselect_f__parameterized4' (1#1) [u:/sdmay23-47/petalinux/hw/hw/hw.srcs/sources_1/bd/system/ipshared/66ea/hdl/axi_lite_ipif_v3_0_vh_rfs.vhd:1534]
INFO: [Synth 8-638] synthesizing module 'pselect_f__parameterized5' [u:/sdmay23-47/petalinux/hw/hw/hw.srcs/sources_1/bd/system/ipshared/66ea/hdl/axi_lite_ipif_v3_0_vh_rfs.vhd:1534]
	Parameter C_AB bound to: 4 - type: integer 
	Parameter C_AW bound to: 4 - type: integer 
	Parameter C_BAR bound to: 4'b0101 
	Parameter C_FAMILY bound to: nofamily - type: string 
INFO: [Synth 8-256] done synthesizing module 'pselect_f__parameterized5' (1#1) [u:/sdmay23-47/petalinux/hw/hw/hw.srcs/sources_1/bd/system/ipshared/66ea/hdl/axi_lite_ipif_v3_0_vh_rfs.vhd:1534]
INFO: [Synth 8-638] synthesizing module 'pselect_f__parameterized6' [u:/sdmay23-47/petalinux/hw/hw/hw.srcs/sources_1/bd/system/ipshared/66ea/hdl/axi_lite_ipif_v3_0_vh_rfs.vhd:1534]
	Parameter C_AB bound to: 4 - type: integer 
	Parameter C_AW bound to: 4 - type: integer 
	Parameter C_BAR bound to: 4'b0110 
	Parameter C_FAMILY bound to: nofamily - type: string 
INFO: [Synth 8-256] done synthesizing module 'pselect_f__parameterized6' (1#1) [u:/sdmay23-47/petalinux/hw/hw/hw.srcs/sources_1/bd/system/ipshared/66ea/hdl/axi_lite_ipif_v3_0_vh_rfs.vhd:1534]
INFO: [Synth 8-638] synthesizing module 'pselect_f__parameterized7' [u:/sdmay23-47/petalinux/hw/hw/hw.srcs/sources_1/bd/system/ipshared/66ea/hdl/axi_lite_ipif_v3_0_vh_rfs.vhd:1534]
	Parameter C_AB bound to: 4 - type: integer 
	Parameter C_AW bound to: 4 - type: integer 
	Parameter C_BAR bound to: 4'b0111 
	Parameter C_FAMILY bound to: nofamily - type: string 
INFO: [Synth 8-256] done synthesizing module 'pselect_f__parameterized7' (1#1) [u:/sdmay23-47/petalinux/hw/hw/hw.srcs/sources_1/bd/system/ipshared/66ea/hdl/axi_lite_ipif_v3_0_vh_rfs.vhd:1534]
INFO: [Synth 8-638] synthesizing module 'pselect_f__parameterized8' [u:/sdmay23-47/petalinux/hw/hw/hw.srcs/sources_1/bd/system/ipshared/66ea/hdl/axi_lite_ipif_v3_0_vh_rfs.vhd:1534]
	Parameter C_AB bound to: 4 - type: integer 
	Parameter C_AW bound to: 4 - type: integer 
	Parameter C_BAR bound to: 4'b1000 
	Parameter C_FAMILY bound to: nofamily - type: string 
INFO: [Synth 8-256] done synthesizing module 'pselect_f__parameterized8' (1#1) [u:/sdmay23-47/petalinux/hw/hw/hw.srcs/sources_1/bd/system/ipshared/66ea/hdl/axi_lite_ipif_v3_0_vh_rfs.vhd:1534]
INFO: [Synth 8-638] synthesizing module 'pselect_f__parameterized9' [u:/sdmay23-47/petalinux/hw/hw/hw.srcs/sources_1/bd/system/ipshared/66ea/hdl/axi_lite_ipif_v3_0_vh_rfs.vhd:1534]
	Parameter C_AB bound to: 4 - type: integer 
	Parameter C_AW bound to: 4 - type: integer 
	Parameter C_BAR bound to: 4'b1001 
	Parameter C_FAMILY bound to: nofamily - type: string 
INFO: [Synth 8-256] done synthesizing module 'pselect_f__parameterized9' (1#1) [u:/sdmay23-47/petalinux/hw/hw/hw.srcs/sources_1/bd/system/ipshared/66ea/hdl/axi_lite_ipif_v3_0_vh_rfs.vhd:1534]
INFO: [Synth 8-638] synthesizing module 'pselect_f__parameterized10' [u:/sdmay23-47/petalinux/hw/hw/hw.srcs/sources_1/bd/system/ipshared/66ea/hdl/axi_lite_ipif_v3_0_vh_rfs.vhd:1534]
	Parameter C_AB bound to: 4 - type: integer 
	Parameter C_AW bound to: 4 - type: integer 
	Parameter C_BAR bound to: 4'b1010 
	Parameter C_FAMILY bound to: nofamily - type: string 
INFO: [Synth 8-256] done synthesizing module 'pselect_f__parameterized10' (1#1) [u:/sdmay23-47/petalinux/hw/hw/hw.srcs/sources_1/bd/system/ipshared/66ea/hdl/axi_lite_ipif_v3_0_vh_rfs.vhd:1534]
INFO: [Synth 8-638] synthesizing module 'pselect_f__parameterized11' [u:/sdmay23-47/petalinux/hw/hw/hw.srcs/sources_1/bd/system/ipshared/66ea/hdl/axi_lite_ipif_v3_0_vh_rfs.vhd:1534]
	Parameter C_AB bound to: 4 - type: integer 
	Parameter C_AW bound to: 4 - type: integer 
	Parameter C_BAR bound to: 4'b1011 
	Parameter C_FAMILY bound to: nofamily - type: string 
INFO: [Synth 8-256] done synthesizing module 'pselect_f__parameterized11' (1#1) [u:/sdmay23-47/petalinux/hw/hw/hw.srcs/sources_1/bd/system/ipshared/66ea/hdl/axi_lite_ipif_v3_0_vh_rfs.vhd:1534]
INFO: [Synth 8-638] synthesizing module 'pselect_f__parameterized12' [u:/sdmay23-47/petalinux/hw/hw/hw.srcs/sources_1/bd/system/ipshared/66ea/hdl/axi_lite_ipif_v3_0_vh_rfs.vhd:1534]
	Parameter C_AB bound to: 4 - type: integer 
	Parameter C_AW bound to: 4 - type: integer 
	Parameter C_BAR bound to: 4'b1100 
	Parameter C_FAMILY bound to: nofamily - type: string 
INFO: [Synth 8-256] done synthesizing module 'pselect_f__parameterized12' (1#1) [u:/sdmay23-47/petalinux/hw/hw/hw.srcs/sources_1/bd/system/ipshared/66ea/hdl/axi_lite_ipif_v3_0_vh_rfs.vhd:1534]
INFO: [Synth 8-638] synthesizing module 'pselect_f__parameterized13' [u:/sdmay23-47/petalinux/hw/hw/hw.srcs/sources_1/bd/system/ipshared/66ea/hdl/axi_lite_ipif_v3_0_vh_rfs.vhd:1534]
	Parameter C_AB bound to: 4 - type: integer 
	Parameter C_AW bound to: 4 - type: integer 
	Parameter C_BAR bound to: 4'b1101 
	Parameter C_FAMILY bound to: nofamily - type: string 
INFO: [Synth 8-256] done synthesizing module 'pselect_f__parameterized13' (1#1) [u:/sdmay23-47/petalinux/hw/hw/hw.srcs/sources_1/bd/system/ipshared/66ea/hdl/axi_lite_ipif_v3_0_vh_rfs.vhd:1534]
INFO: [Synth 8-638] synthesizing module 'pselect_f__parameterized14' [u:/sdmay23-47/petalinux/hw/hw/hw.srcs/sources_1/bd/system/ipshared/66ea/hdl/axi_lite_ipif_v3_0_vh_rfs.vhd:1534]
	Parameter C_AB bound to: 4 - type: integer 
	Parameter C_AW bound to: 4 - type: integer 
	Parameter C_BAR bound to: 4'b1110 
	Parameter C_FAMILY bound to: nofamily - type: string 
INFO: [Synth 8-256] done synthesizing module 'pselect_f__parameterized14' (1#1) [u:/sdmay23-47/petalinux/hw/hw/hw.srcs/sources_1/bd/system/ipshared/66ea/hdl/axi_lite_ipif_v3_0_vh_rfs.vhd:1534]
INFO: [Synth 8-638] synthesizing module 'pselect_f__parameterized15' [u:/sdmay23-47/petalinux/hw/hw/hw.srcs/sources_1/bd/system/ipshared/66ea/hdl/axi_lite_ipif_v3_0_vh_rfs.vhd:1534]
	Parameter C_AB bound to: 4 - type: integer 
	Parameter C_AW bound to: 4 - type: integer 
	Parameter C_BAR bound to: 4'b1111 
	Parameter C_FAMILY bound to: nofamily - type: string 
INFO: [Synth 8-256] done synthesizing module 'pselect_f__parameterized15' (1#1) [u:/sdmay23-47/petalinux/hw/hw/hw.srcs/sources_1/bd/system/ipshared/66ea/hdl/axi_lite_ipif_v3_0_vh_rfs.vhd:1534]
INFO: [Synth 8-638] synthesizing module 'pselect_f__parameterized16' [u:/sdmay23-47/petalinux/hw/hw/hw.srcs/sources_1/bd/system/ipshared/66ea/hdl/axi_lite_ipif_v3_0_vh_rfs.vhd:1534]
	Parameter C_AB bound to: 7 - type: integer 
	Parameter C_AW bound to: 9 - type: integer 
	Parameter C_BAR bound to: 9'b001000000 
	Parameter C_FAMILY bound to: nofamily - type: string 
INFO: [Synth 8-256] done synthesizing module 'pselect_f__parameterized16' (1#1) [u:/sdmay23-47/petalinux/hw/hw/hw.srcs/sources_1/bd/system/ipshared/66ea/hdl/axi_lite_ipif_v3_0_vh_rfs.vhd:1534]
INFO: [Synth 8-638] synthesizing module 'pselect_f__parameterized17' [u:/sdmay23-47/petalinux/hw/hw/hw.srcs/sources_1/bd/system/ipshared/66ea/hdl/axi_lite_ipif_v3_0_vh_rfs.vhd:1534]
	Parameter C_AB bound to: 1 - type: integer 
	Parameter C_AW bound to: 9 - type: integer 
	Parameter C_BAR bound to: 9'b100000000 
	Parameter C_FAMILY bound to: nofamily - type: string 
INFO: [Synth 8-256] done synthesizing module 'pselect_f__parameterized17' (1#1) [u:/sdmay23-47/petalinux/hw/hw/hw.srcs/sources_1/bd/system/ipshared/66ea/hdl/axi_lite_ipif_v3_0_vh_rfs.vhd:1534]
INFO: [Synth 8-638] synthesizing module 'pselect_f__parameterized18' [u:/sdmay23-47/petalinux/hw/hw/hw.srcs/sources_1/bd/system/ipshared/66ea/hdl/axi_lite_ipif_v3_0_vh_rfs.vhd:1534]
	Parameter C_AB bound to: 5 - type: integer 
	Parameter C_AW bound to: 5 - type: integer 
	Parameter C_BAR bound to: 5'b00000 
	Parameter C_FAMILY bound to: nofamily - type: string 
INFO: [Synth 8-256] done synthesizing module 'pselect_f__parameterized18' (1#1) [u:/sdmay23-47/petalinux/hw/hw/hw.srcs/sources_1/bd/system/ipshared/66ea/hdl/axi_lite_ipif_v3_0_vh_rfs.vhd:1534]
INFO: [Synth 8-638] synthesizing module 'pselect_f__parameterized19' [u:/sdmay23-47/petalinux/hw/hw/hw.srcs/sources_1/bd/system/ipshared/66ea/hdl/axi_lite_ipif_v3_0_vh_rfs.vhd:1534]
	Parameter C_AB bound to: 5 - type: integer 
	Parameter C_AW bound to: 5 - type: integer 
	Parameter C_BAR bound to: 5'b00001 
	Parameter C_FAMILY bound to: nofamily - type: string 
INFO: [Synth 8-256] done synthesizing module 'pselect_f__parameterized19' (1#1) [u:/sdmay23-47/petalinux/hw/hw/hw.srcs/sources_1/bd/system/ipshared/66ea/hdl/axi_lite_ipif_v3_0_vh_rfs.vhd:1534]
INFO: [Synth 8-638] synthesizing module 'pselect_f__parameterized20' [u:/sdmay23-47/petalinux/hw/hw/hw.srcs/sources_1/bd/system/ipshared/66ea/hdl/axi_lite_ipif_v3_0_vh_rfs.vhd:1534]
	Parameter C_AB bound to: 5 - type: integer 
	Parameter C_AW bound to: 5 - type: integer 
	Parameter C_BAR bound to: 5'b00010 
	Parameter C_FAMILY bound to: nofamily - type: string 
INFO: [Synth 8-256] done synthesizing module 'pselect_f__parameterized20' (1#1) [u:/sdmay23-47/petalinux/hw/hw/hw.srcs/sources_1/bd/system/ipshared/66ea/hdl/axi_lite_ipif_v3_0_vh_rfs.vhd:1534]
INFO: [Synth 8-638] synthesizing module 'pselect_f__parameterized21' [u:/sdmay23-47/petalinux/hw/hw/hw.srcs/sources_1/bd/system/ipshared/66ea/hdl/axi_lite_ipif_v3_0_vh_rfs.vhd:1534]
	Parameter C_AB bound to: 5 - type: integer 
	Parameter C_AW bound to: 5 - type: integer 
	Parameter C_BAR bound to: 5'b00011 
	Parameter C_FAMILY bound to: nofamily - type: string 
INFO: [Synth 8-256] done synthesizing module 'pselect_f__parameterized21' (1#1) [u:/sdmay23-47/petalinux/hw/hw/hw.srcs/sources_1/bd/system/ipshared/66ea/hdl/axi_lite_ipif_v3_0_vh_rfs.vhd:1534]
INFO: [Synth 8-638] synthesizing module 'pselect_f__parameterized22' [u:/sdmay23-47/petalinux/hw/hw/hw.srcs/sources_1/bd/system/ipshared/66ea/hdl/axi_lite_ipif_v3_0_vh_rfs.vhd:1534]
	Parameter C_AB bound to: 5 - type: integer 
	Parameter C_AW bound to: 5 - type: integer 
	Parameter C_BAR bound to: 5'b00100 
	Parameter C_FAMILY bound to: nofamily - type: string 
INFO: [Synth 8-256] done synthesizing module 'pselect_f__parameterized22' (1#1) [u:/sdmay23-47/petalinux/hw/hw/hw.srcs/sources_1/bd/system/ipshared/66ea/hdl/axi_lite_ipif_v3_0_vh_rfs.vhd:1534]
INFO: [Synth 8-638] synthesizing module 'pselect_f__parameterized23' [u:/sdmay23-47/petalinux/hw/hw/hw.srcs/sources_1/bd/system/ipshared/66ea/hdl/axi_lite_ipif_v3_0_vh_rfs.vhd:1534]
	Parameter C_AB bound to: 5 - type: integer 
	Parameter C_AW bound to: 5 - type: integer 
	Parameter C_BAR bound to: 5'b00101 
	Parameter C_FAMILY bound to: nofamily - type: string 
INFO: [Synth 8-256] done synthesizing module 'pselect_f__parameterized23' (1#1) [u:/sdmay23-47/petalinux/hw/hw/hw.srcs/sources_1/bd/system/ipshared/66ea/hdl/axi_lite_ipif_v3_0_vh_rfs.vhd:1534]
INFO: [Synth 8-638] synthesizing module 'pselect_f__parameterized24' [u:/sdmay23-47/petalinux/hw/hw/hw.srcs/sources_1/bd/system/ipshared/66ea/hdl/axi_lite_ipif_v3_0_vh_rfs.vhd:1534]
	Parameter C_AB bound to: 5 - type: integer 
	Parameter C_AW bound to: 5 - type: integer 
	Parameter C_BAR bound to: 5'b00110 
	Parameter C_FAMILY bound to: nofamily - type: string 
INFO: [Synth 8-256] done synthesizing module 'pselect_f__parameterized24' (1#1) [u:/sdmay23-47/petalinux/hw/hw/hw.srcs/sources_1/bd/system/ipshared/66ea/hdl/axi_lite_ipif_v3_0_vh_rfs.vhd:1534]
INFO: [Synth 8-638] synthesizing module 'pselect_f__parameterized25' [u:/sdmay23-47/petalinux/hw/hw/hw.srcs/sources_1/bd/system/ipshared/66ea/hdl/axi_lite_ipif_v3_0_vh_rfs.vhd:1534]
	Parameter C_AB bound to: 5 - type: integer 
	Parameter C_AW bound to: 5 - type: integer 
	Parameter C_BAR bound to: 5'b00111 
	Parameter C_FAMILY bound to: nofamily - type: string 
INFO: [Synth 8-256] done synthesizing module 'pselect_f__parameterized25' (1#1) [u:/sdmay23-47/petalinux/hw/hw/hw.srcs/sources_1/bd/system/ipshared/66ea/hdl/axi_lite_ipif_v3_0_vh_rfs.vhd:1534]
INFO: [Synth 8-638] synthesizing module 'pselect_f__parameterized26' [u:/sdmay23-47/petalinux/hw/hw/hw.srcs/sources_1/bd/system/ipshared/66ea/hdl/axi_lite_ipif_v3_0_vh_rfs.vhd:1534]
	Parameter C_AB bound to: 5 - type: integer 
	Parameter C_AW bound to: 5 - type: integer 
	Parameter C_BAR bound to: 5'b01000 
	Parameter C_FAMILY bound to: nofamily - type: string 
INFO: [Synth 8-256] done synthesizing module 'pselect_f__parameterized26' (1#1) [u:/sdmay23-47/petalinux/hw/hw/hw.srcs/sources_1/bd/system/ipshared/66ea/hdl/axi_lite_ipif_v3_0_vh_rfs.vhd:1534]
INFO: [Synth 8-638] synthesizing module 'pselect_f__parameterized27' [u:/sdmay23-47/petalinux/hw/hw/hw.srcs/sources_1/bd/system/ipshared/66ea/hdl/axi_lite_ipif_v3_0_vh_rfs.vhd:1534]
	Parameter C_AB bound to: 5 - type: integer 
	Parameter C_AW bound to: 5 - type: integer 
	Parameter C_BAR bound to: 5'b01001 
	Parameter C_FAMILY bound to: nofamily - type: string 
INFO: [Synth 8-256] done synthesizing module 'pselect_f__parameterized27' (1#1) [u:/sdmay23-47/petalinux/hw/hw/hw.srcs/sources_1/bd/system/ipshared/66ea/hdl/axi_lite_ipif_v3_0_vh_rfs.vhd:1534]
INFO: [Synth 8-638] synthesizing module 'pselect_f__parameterized28' [u:/sdmay23-47/petalinux/hw/hw/hw.srcs/sources_1/bd/system/ipshared/66ea/hdl/axi_lite_ipif_v3_0_vh_rfs.vhd:1534]
	Parameter C_AB bound to: 5 - type: integer 
	Parameter C_AW bound to: 5 - type: integer 
	Parameter C_BAR bound to: 5'b01010 
	Parameter C_FAMILY bound to: nofamily - type: string 
INFO: [Synth 8-256] done synthesizing module 'pselect_f__parameterized28' (1#1) [u:/sdmay23-47/petalinux/hw/hw/hw.srcs/sources_1/bd/system/ipshared/66ea/hdl/axi_lite_ipif_v3_0_vh_rfs.vhd:1534]
INFO: [Synth 8-638] synthesizing module 'pselect_f__parameterized29' [u:/sdmay23-47/petalinux/hw/hw/hw.srcs/sources_1/bd/system/ipshared/66ea/hdl/axi_lite_ipif_v3_0_vh_rfs.vhd:1534]
	Parameter C_AB bound to: 5 - type: integer 
	Parameter C_AW bound to: 5 - type: integer 
	Parameter C_BAR bound to: 5'b01011 
	Parameter C_FAMILY bound to: nofamily - type: string 
INFO: [Synth 8-256] done synthesizing module 'pselect_f__parameterized29' (1#1) [u:/sdmay23-47/petalinux/hw/hw/hw.srcs/sources_1/bd/system/ipshared/66ea/hdl/axi_lite_ipif_v3_0_vh_rfs.vhd:1534]
INFO: [Synth 8-638] synthesizing module 'pselect_f__parameterized30' [u:/sdmay23-47/petalinux/hw/hw/hw.srcs/sources_1/bd/system/ipshared/66ea/hdl/axi_lite_ipif_v3_0_vh_rfs.vhd:1534]
	Parameter C_AB bound to: 5 - type: integer 
	Parameter C_AW bound to: 5 - type: integer 
	Parameter C_BAR bound to: 5'b01100 
	Parameter C_FAMILY bound to: nofamily - type: string 
INFO: [Synth 8-256] done synthesizing module 'pselect_f__parameterized30' (1#1) [u:/sdmay23-47/petalinux/hw/hw/hw.srcs/sources_1/bd/system/ipshared/66ea/hdl/axi_lite_ipif_v3_0_vh_rfs.vhd:1534]
INFO: [Synth 8-638] synthesizing module 'pselect_f__parameterized31' [u:/sdmay23-47/petalinux/hw/hw/hw.srcs/sources_1/bd/system/ipshared/66ea/hdl/axi_lite_ipif_v3_0_vh_rfs.vhd:1534]
	Parameter C_AB bound to: 5 - type: integer 
	Parameter C_AW bound to: 5 - type: integer 
	Parameter C_BAR bound to: 5'b01101 
	Parameter C_FAMILY bound to: nofamily - type: string 
INFO: [Synth 8-256] done synthesizing module 'pselect_f__parameterized31' (1#1) [u:/sdmay23-47/petalinux/hw/hw/hw.srcs/sources_1/bd/system/ipshared/66ea/hdl/axi_lite_ipif_v3_0_vh_rfs.vhd:1534]
INFO: [Synth 8-638] synthesizing module 'pselect_f__parameterized32' [u:/sdmay23-47/petalinux/hw/hw/hw.srcs/sources_1/bd/system/ipshared/66ea/hdl/axi_lite_ipif_v3_0_vh_rfs.vhd:1534]
	Parameter C_AB bound to: 5 - type: integer 
	Parameter C_AW bound to: 5 - type: integer 
	Parameter C_BAR bound to: 5'b01110 
	Parameter C_FAMILY bound to: nofamily - type: string 
INFO: [Synth 8-256] done synthesizing module 'pselect_f__parameterized32' (1#1) [u:/sdmay23-47/petalinux/hw/hw/hw.srcs/sources_1/bd/system/ipshared/66ea/hdl/axi_lite_ipif_v3_0_vh_rfs.vhd:1534]
INFO: [Synth 8-638] synthesizing module 'pselect_f__parameterized33' [u:/sdmay23-47/petalinux/hw/hw/hw.srcs/sources_1/bd/system/ipshared/66ea/hdl/axi_lite_ipif_v3_0_vh_rfs.vhd:1534]
	Parameter C_AB bound to: 5 - type: integer 
	Parameter C_AW bound to: 5 - type: integer 
	Parameter C_BAR bound to: 5'b01111 
	Parameter C_FAMILY bound to: nofamily - type: string 
INFO: [Synth 8-256] done synthesizing module 'pselect_f__parameterized33' (1#1) [u:/sdmay23-47/petalinux/hw/hw/hw.srcs/sources_1/bd/system/ipshared/66ea/hdl/axi_lite_ipif_v3_0_vh_rfs.vhd:1534]
INFO: [Synth 8-638] synthesizing module 'pselect_f__parameterized34' [u:/sdmay23-47/petalinux/hw/hw/hw.srcs/sources_1/bd/system/ipshared/66ea/hdl/axi_lite_ipif_v3_0_vh_rfs.vhd:1534]
	Parameter C_AB bound to: 5 - type: integer 
	Parameter C_AW bound to: 5 - type: integer 
	Parameter C_BAR bound to: 5'b10000 
	Parameter C_FAMILY bound to: nofamily - type: string 
INFO: [Synth 8-256] done synthesizing module 'pselect_f__parameterized34' (1#1) [u:/sdmay23-47/petalinux/hw/hw/hw.srcs/sources_1/bd/system/ipshared/66ea/hdl/axi_lite_ipif_v3_0_vh_rfs.vhd:1534]
INFO: [Synth 8-638] synthesizing module 'pselect_f__parameterized35' [u:/sdmay23-47/petalinux/hw/hw/hw.srcs/sources_1/bd/system/ipshared/66ea/hdl/axi_lite_ipif_v3_0_vh_rfs.vhd:1534]
	Parameter C_AB bound to: 5 - type: integer 
	Parameter C_AW bound to: 5 - type: integer 
	Parameter C_BAR bound to: 5'b10001 
	Parameter C_FAMILY bound to: nofamily - type: string 
INFO: [Synth 8-256] done synthesizing module 'pselect_f__parameterized35' (1#1) [u:/sdmay23-47/petalinux/hw/hw/hw.srcs/sources_1/bd/system/ipshared/66ea/hdl/axi_lite_ipif_v3_0_vh_rfs.vhd:1534]
INFO: [Synth 8-256] done synthesizing module 'address_decoder' (2#1) [u:/sdmay23-47/petalinux/hw/hw/hw.srcs/sources_1/bd/system/ipshared/66ea/hdl/axi_lite_ipif_v3_0_vh_rfs.vhd:1775]
INFO: [Synth 8-226] default block is never used [u:/sdmay23-47/petalinux/hw/hw/hw.srcs/sources_1/bd/system/ipshared/66ea/hdl/axi_lite_ipif_v3_0_vh_rfs.vhd:2550]
INFO: [Synth 8-256] done synthesizing module 'slave_attachment' (3#1) [u:/sdmay23-47/petalinux/hw/hw/hw.srcs/sources_1/bd/system/ipshared/66ea/hdl/axi_lite_ipif_v3_0_vh_rfs.vhd:2341]
INFO: [Synth 8-256] done synthesizing module 'axi_lite_ipif' (4#1) [u:/sdmay23-47/petalinux/hw/hw/hw.srcs/sources_1/bd/system/ipshared/66ea/hdl/axi_lite_ipif_v3_0_vh_rfs.vhd:2948]
INFO: [Synth 8-638] synthesizing module 'interrupt_control' [u:/sdmay23-47/petalinux/hw/hw/hw.srcs/sources_1/bd/system/ipshared/a040/hdl/interrupt_control_v3_1_vh_rfs.vhd:259]
	Parameter C_NUM_CE bound to: 16 - type: integer 
	Parameter C_NUM_IPIF_IRPT_SRC bound to: 1 - type: integer 
	Parameter C_IP_INTR_MODE_ARRAY bound to: 256'b0000000000000000000000000000001100000000000000000000000000000011000000000000000000000000000000110000000000000000000000000000001100000000000000000000000000000011000000000000000000000000000000110000000000000000000000000000001100000000000000000000000000000011 
	Parameter C_INCLUDE_DEV_PENCODER bound to: 0 - type: bool 
	Parameter C_INCLUDE_DEV_ISC bound to: 0 - type: bool 
	Parameter C_IPIF_DWIDTH bound to: 32 - type: integer 
INFO: [Synth 8-256] done synthesizing module 'interrupt_control' (5#1) [u:/sdmay23-47/petalinux/hw/hw/hw.srcs/sources_1/bd/system/ipshared/a040/hdl/interrupt_control_v3_1_vh_rfs.vhd:259]
INFO: [Synth 8-638] synthesizing module 'soft_reset' [u:/sdmay23-47/petalinux/hw/hw/hw.srcs/sources_1/bd/system/ipshared/d1e4/hdl/axi_iic_v2_0_vh_rfs.vhd:141]
	Parameter C_SIPIF_DWIDTH bound to: 32 - type: integer 
	Parameter C_RESET_WIDTH bound to: 4 - type: integer 
	Parameter INIT bound to: 1'b0 
	Parameter IS_CE_INVERTED bound to: 1'b0 
	Parameter IS_C_INVERTED bound to: 1'b0 
	Parameter IS_D_INVERTED bound to: 1'b0 
	Parameter IS_R_INVERTED bound to: 1'b0 
	Parameter IS_S_INVERTED bound to: 1'b0 
INFO: [Synth 8-113] binding component instance 'RST_FLOPS' to cell 'FDRSE' [u:/sdmay23-47/petalinux/hw/hw/hw.srcs/sources_1/bd/system/ipshared/d1e4/hdl/axi_iic_v2_0_vh_rfs.vhd:272]
	Parameter INIT bound to: 1'b0 
	Parameter IS_CE_INVERTED bound to: 1'b0 
	Parameter IS_C_INVERTED bound to: 1'b0 
	Parameter IS_D_INVERTED bound to: 1'b0 
	Parameter IS_R_INVERTED bound to: 1'b0 
	Parameter IS_S_INVERTED bound to: 1'b0 
INFO: [Synth 8-113] binding component instance 'RST_FLOPS' to cell 'FDRSE' [u:/sdmay23-47/petalinux/hw/hw/hw.srcs/sources_1/bd/system/ipshared/d1e4/hdl/axi_iic_v2_0_vh_rfs.vhd:272]
	Parameter INIT bound to: 1'b0 
	Parameter IS_CE_INVERTED bound to: 1'b0 
	Parameter IS_C_INVERTED bound to: 1'b0 
	Parameter IS_D_INVERTED bound to: 1'b0 
	Parameter IS_R_INVERTED bound to: 1'b0 
	Parameter IS_S_INVERTED bound to: 1'b0 
INFO: [Synth 8-113] binding component instance 'RST_FLOPS' to cell 'FDRSE' [u:/sdmay23-47/petalinux/hw/hw/hw.srcs/sources_1/bd/system/ipshared/d1e4/hdl/axi_iic_v2_0_vh_rfs.vhd:272]
	Parameter INIT bound to: 1'b0 
	Parameter IS_CE_INVERTED bound to: 1'b0 
	Parameter IS_C_INVERTED bound to: 1'b0 
	Parameter IS_D_INVERTED bound to: 1'b0 
	Parameter IS_R_INVERTED bound to: 1'b0 
	Parameter IS_S_INVERTED bound to: 1'b0 
INFO: [Synth 8-113] binding component instance 'RST_FLOPS' to cell 'FDRSE' [u:/sdmay23-47/petalinux/hw/hw/hw.srcs/sources_1/bd/system/ipshared/d1e4/hdl/axi_iic_v2_0_vh_rfs.vhd:272]
	Parameter INIT bound to: 1'b0 
	Parameter IS_CE_INVERTED bound to: 1'b0 
	Parameter IS_C_INVERTED bound to: 1'b0 
	Parameter IS_D_INVERTED bound to: 1'b0 
	Parameter IS_R_INVERTED bound to: 1'b0 
	Parameter IS_S_INVERTED bound to: 1'b0 
INFO: [Synth 8-113] binding component instance 'FF_WRACK' to cell 'FDRSE' [u:/sdmay23-47/petalinux/hw/hw/hw.srcs/sources_1/bd/system/ipshared/d1e4/hdl/axi_iic_v2_0_vh_rfs.vhd:295]
INFO: [Synth 8-256] done synthesizing module 'soft_reset' (6#1) [u:/sdmay23-47/petalinux/hw/hw/hw.srcs/sources_1/bd/system/ipshared/d1e4/hdl/axi_iic_v2_0_vh_rfs.vhd:141]
INFO: [Synth 8-256] done synthesizing module 'axi_ipif_ssp1' (7#1) [u:/sdmay23-47/petalinux/hw/hw/hw.srcs/sources_1/bd/system/ipshared/d1e4/hdl/axi_iic_v2_0_vh_rfs.vhd:5677]
INFO: [Synth 8-638] synthesizing module 'reg_interface' [u:/sdmay23-47/petalinux/hw/hw/hw.srcs/sources_1/bd/system/ipshared/d1e4/hdl/axi_iic_v2_0_vh_rfs.vhd:1685]
	Parameter C_SCL_INERTIAL_DELAY bound to: 0 - type: integer 
	Parameter C_S_AXI_ACLK_FREQ_HZ bound to: 100000000 - type: integer 
	Parameter C_IIC_FREQ bound to: 100000 - type: integer 
	Parameter C_SMBUS_PMBUS_HOST bound to: 0 - type: integer 
	Parameter C_TX_FIFO_EXIST bound to: 1 - type: bool 
	Parameter C_TX_FIFO_BITS bound to: 4 - type: integer 
	Parameter C_RC_FIFO_EXIST bound to: 1 - type: bool 
	Parameter C_RC_FIFO_BITS bound to: 4 - type: integer 
	Parameter C_TEN_BIT_ADR bound to: 0 - type: integer 
	Parameter C_GPO_WIDTH bound to: 1 - type: integer 
	Parameter C_S_AXI_ADDR_WIDTH bound to: 9 - type: integer 
	Parameter C_S_AXI_DATA_WIDTH bound to: 32 - type: integer 
	Parameter C_SIZE bound to: 10 - type: integer 
	Parameter C_NUM_IIC_REGS bound to: 18 - type: integer 
	Parameter C_DEFAULT_VALUE bound to: 8'b00000000 
INFO: [Synth 8-256] done synthesizing module 'reg_interface' (8#1) [u:/sdmay23-47/petalinux/hw/hw/hw.srcs/sources_1/bd/system/ipshared/d1e4/hdl/axi_iic_v2_0_vh_rfs.vhd:1685]
INFO: [Synth 8-638] synthesizing module 'filter' [u:/sdmay23-47/petalinux/hw/hw/hw.srcs/sources_1/bd/system/ipshared/d1e4/hdl/axi_iic_v2_0_vh_rfs.vhd:5001]
	Parameter SCL_INERTIAL_DELAY bound to: 0 - type: integer 
	Parameter SDA_INERTIAL_DELAY bound to: 0 - type: integer 
INFO: [Synth 8-638] synthesizing module 'debounce' [u:/sdmay23-47/petalinux/hw/hw/hw.srcs/sources_1/bd/system/ipshared/d1e4/hdl/axi_iic_v2_0_vh_rfs.vhd:1315]
	Parameter C_INERTIAL_DELAY bound to: 0 - type: integer 
	Parameter C_DEFAULT bound to: 1'b1 
INFO: [Synth 8-638] synthesizing module 'cdc_sync' [u:/sdmay23-47/petalinux/hw/hw/hw.srcs/sources_1/bd/system/ipshared/ef1e/hdl/lib_cdc_v1_0_rfs.vhd:106]
	Parameter C_CDC_TYPE bound to: 1 - type: integer 
	Parameter C_RESET_STATE bound to: 0 - type: integer 
	Parameter C_SINGLE_BIT bound to: 1 - type: integer 
	Parameter C_FLOP_INPUT bound to: 0 - type: integer 
	Parameter C_VECTOR_WIDTH bound to: 32 - type: integer 
	Parameter C_MTBF_STAGES bound to: 4 - type: integer 
	Parameter INIT bound to: 1'b0 
INFO: [Synth 8-113] binding component instance 'CROSS_PLEVEL_IN2SCNDRY_IN_cdc_to' to cell 'FDR' [u:/sdmay23-47/petalinux/hw/hw/hw.srcs/sources_1/bd/system/ipshared/ef1e/hdl/lib_cdc_v1_0_rfs.vhd:514]
	Parameter INIT bound to: 1'b0 
INFO: [Synth 8-113] binding component instance 'CROSS_PLEVEL_IN2SCNDRY_s_level_out_d2' to cell 'FDR' [u:/sdmay23-47/petalinux/hw/hw/hw.srcs/sources_1/bd/system/ipshared/ef1e/hdl/lib_cdc_v1_0_rfs.vhd:545]
	Parameter INIT bound to: 1'b0 
INFO: [Synth 8-113] binding component instance 'CROSS_PLEVEL_IN2SCNDRY_s_level_out_d3' to cell 'FDR' [u:/sdmay23-47/petalinux/hw/hw/hw.srcs/sources_1/bd/system/ipshared/ef1e/hdl/lib_cdc_v1_0_rfs.vhd:554]
	Parameter INIT bound to: 1'b0 
INFO: [Synth 8-113] binding component instance 'CROSS_PLEVEL_IN2SCNDRY_s_level_out_d4' to cell 'FDR' [u:/sdmay23-47/petalinux/hw/hw/hw.srcs/sources_1/bd/system/ipshared/ef1e/hdl/lib_cdc_v1_0_rfs.vhd:564]
	Parameter INIT bound to: 1'b0 
INFO: [Synth 8-113] binding component instance 'CROSS_PLEVEL_IN2SCNDRY_s_level_out_d5' to cell 'FDR' [u:/sdmay23-47/petalinux/hw/hw/hw.srcs/sources_1/bd/system/ipshared/ef1e/hdl/lib_cdc_v1_0_rfs.vhd:574]
	Parameter INIT bound to: 1'b0 
INFO: [Synth 8-113] binding component instance 'CROSS_PLEVEL_IN2SCNDRY_s_level_out_d6' to cell 'FDR' [u:/sdmay23-47/petalinux/hw/hw/hw.srcs/sources_1/bd/system/ipshared/ef1e/hdl/lib_cdc_v1_0_rfs.vhd:584]
INFO: [Synth 8-256] done synthesizing module 'cdc_sync' (9#1) [u:/sdmay23-47/petalinux/hw/hw/hw.srcs/sources_1/bd/system/ipshared/ef1e/hdl/lib_cdc_v1_0_rfs.vhd:106]
INFO: [Synth 8-256] done synthesizing module 'debounce' (10#1) [u:/sdmay23-47/petalinux/hw/hw/hw.srcs/sources_1/bd/system/ipshared/d1e4/hdl/axi_iic_v2_0_vh_rfs.vhd:1315]
INFO: [Synth 8-256] done synthesizing module 'filter' (11#1) [u:/sdmay23-47/petalinux/hw/hw/hw.srcs/sources_1/bd/system/ipshared/d1e4/hdl/axi_iic_v2_0_vh_rfs.vhd:5001]
INFO: [Synth 8-638] synthesizing module 'iic_control' [u:/sdmay23-47/petalinux/hw/hw/hw.srcs/sources_1/bd/system/ipshared/d1e4/hdl/axi_iic_v2_0_vh_rfs.vhd:2919]
	Parameter C_SCL_INERTIAL_DELAY bound to: 0 - type: integer 
	Parameter C_S_AXI_ACLK_FREQ_HZ bound to: 100000000 - type: integer 
	Parameter C_IIC_FREQ bound to: 100000 - type: integer 
	Parameter C_SIZE bound to: 10 - type: integer 
	Parameter C_TEN_BIT_ADR bound to: 0 - type: integer 
	Parameter C_SDA_LEVEL bound to: 1 - type: integer 
	Parameter C_DISABLE_SETUP_VIOLATION_CHECK bound to: 0 - type: integer 
	Parameter C_SMBUS_PMBUS_HOST bound to: 0 - type: integer 
INFO: [Synth 8-638] synthesizing module 'upcnt_n' [u:/sdmay23-47/petalinux/hw/hw/hw.srcs/sources_1/bd/system/ipshared/d1e4/hdl/axi_iic_v2_0_vh_rfs.vhd:740]
	Parameter C_SIZE bound to: 10 - type: integer 
INFO: [Synth 8-256] done synthesizing module 'upcnt_n' (12#1) [u:/sdmay23-47/petalinux/hw/hw/hw.srcs/sources_1/bd/system/ipshared/d1e4/hdl/axi_iic_v2_0_vh_rfs.vhd:740]
INFO: [Synth 8-638] synthesizing module 'shift8' [u:/sdmay23-47/petalinux/hw/hw/hw.srcs/sources_1/bd/system/ipshared/d1e4/hdl/axi_iic_v2_0_vh_rfs.vhd:897]
INFO: [Synth 8-256] done synthesizing module 'shift8' (13#1) [u:/sdmay23-47/petalinux/hw/hw/hw.srcs/sources_1/bd/system/ipshared/d1e4/hdl/axi_iic_v2_0_vh_rfs.vhd:897]
INFO: [Synth 8-638] synthesizing module 'upcnt_n__parameterized0' [u:/sdmay23-47/petalinux/hw/hw/hw.srcs/sources_1/bd/system/ipshared/d1e4/hdl/axi_iic_v2_0_vh_rfs.vhd:740]
	Parameter C_SIZE bound to: 4 - type: integer 
INFO: [Synth 8-256] done synthesizing module 'upcnt_n__parameterized0' (13#1) [u:/sdmay23-47/petalinux/hw/hw/hw.srcs/sources_1/bd/system/ipshared/d1e4/hdl/axi_iic_v2_0_vh_rfs.vhd:740]
INFO: [Synth 8-256] done synthesizing module 'iic_control' (14#1) [u:/sdmay23-47/petalinux/hw/hw/hw.srcs/sources_1/bd/system/ipshared/d1e4/hdl/axi_iic_v2_0_vh_rfs.vhd:2919]
INFO: [Synth 8-638] synthesizing module 'SRL_FIFO' [u:/sdmay23-47/petalinux/hw/hw/hw.srcs/sources_1/bd/system/ipshared/d1e4/hdl/axi_iic_v2_0_vh_rfs.vhd:449]
	Parameter C_DATA_BITS bound to: 8 - type: integer 
	Parameter C_DEPTH bound to: 4 - type: integer 
	Parameter C_XON bound to: 0 - type: bool 
INFO: [Synth 8-3491] module 'FDR' declared at 'F:/Xilinx/Vivado/2020.1/scripts/rt/data/unisim_comp.v:13711' bound to instance 'Data_Exists_DFF' of component 'FDR' [u:/sdmay23-47/petalinux/hw/hw/hw.srcs/sources_1/bd/system/ipshared/d1e4/hdl/axi_iic_v2_0_vh_rfs.vhd:543]
INFO: [Synth 8-6157] synthesizing module 'FDR' [F:/Xilinx/Vivado/2020.1/scripts/rt/data/unisim_comp.v:13711]
	Parameter INIT bound to: 1'b0 
INFO: [Synth 8-6155] done synthesizing module 'FDR' (15#1) [F:/Xilinx/Vivado/2020.1/scripts/rt/data/unisim_comp.v:13711]
INFO: [Synth 8-3491] module 'MUXCY_L' declared at 'F:/Xilinx/Vivado/2020.1/scripts/rt/data/unisim_comp.v:42957' bound to instance 'MUXCY_L_I' of component 'MUXCY_L' [u:/sdmay23-47/petalinux/hw/hw/hw.srcs/sources_1/bd/system/ipshared/d1e4/hdl/axi_iic_v2_0_vh_rfs.vhd:560]
INFO: [Synth 8-6157] synthesizing module 'MUXCY_L' [F:/Xilinx/Vivado/2020.1/scripts/rt/data/unisim_comp.v:42957]
INFO: [Synth 8-6155] done synthesizing module 'MUXCY_L' (16#1) [F:/Xilinx/Vivado/2020.1/scripts/rt/data/unisim_comp.v:42957]
INFO: [Synth 8-3491] module 'XORCY' declared at 'F:/Xilinx/Vivado/2020.1/scripts/rt/data/unisim_comp.v:82397' bound to instance 'XORCY_I' of component 'XORCY' [u:/sdmay23-47/petalinux/hw/hw/hw.srcs/sources_1/bd/system/ipshared/d1e4/hdl/axi_iic_v2_0_vh_rfs.vhd:567]
INFO: [Synth 8-6157] synthesizing module 'XORCY' [F:/Xilinx/Vivado/2020.1/scripts/rt/data/unisim_comp.v:82397]
INFO: [Synth 8-6155] done synthesizing module 'XORCY' (17#1) [F:/Xilinx/Vivado/2020.1/scripts/rt/data/unisim_comp.v:82397]
INFO: [Synth 8-3491] module 'FDRE' declared at 'F:/Xilinx/Vivado/2020.1/scripts/rt/data/unisim_comp.v:13724' bound to instance 'FDRE_I' of component 'FDRE' [u:/sdmay23-47/petalinux/hw/hw/hw.srcs/sources_1/bd/system/ipshared/d1e4/hdl/axi_iic_v2_0_vh_rfs.vhd:573]
INFO: [Synth 8-6157] synthesizing module 'FDRE' [F:/Xilinx/Vivado/2020.1/scripts/rt/data/unisim_comp.v:13724]
	Parameter INIT bound to: 1'b0 
	Parameter IS_C_INVERTED bound to: 1'b0 
	Parameter IS_D_INVERTED bound to: 1'b0 
	Parameter IS_R_INVERTED bound to: 1'b0 
INFO: [Synth 8-6155] done synthesizing module 'FDRE' (18#1) [F:/Xilinx/Vivado/2020.1/scripts/rt/data/unisim_comp.v:13724]
INFO: [Synth 8-3491] module 'MUXCY_L' declared at 'F:/Xilinx/Vivado/2020.1/scripts/rt/data/unisim_comp.v:42957' bound to instance 'MUXCY_L_I' of component 'MUXCY_L' [u:/sdmay23-47/petalinux/hw/hw/hw.srcs/sources_1/bd/system/ipshared/d1e4/hdl/axi_iic_v2_0_vh_rfs.vhd:560]
INFO: [Synth 8-3491] module 'XORCY' declared at 'F:/Xilinx/Vivado/2020.1/scripts/rt/data/unisim_comp.v:82397' bound to instance 'XORCY_I' of component 'XORCY' [u:/sdmay23-47/petalinux/hw/hw/hw.srcs/sources_1/bd/system/ipshared/d1e4/hdl/axi_iic_v2_0_vh_rfs.vhd:567]
INFO: [Synth 8-3491] module 'FDRE' declared at 'F:/Xilinx/Vivado/2020.1/scripts/rt/data/unisim_comp.v:13724' bound to instance 'FDRE_I' of component 'FDRE' [u:/sdmay23-47/petalinux/hw/hw/hw.srcs/sources_1/bd/system/ipshared/d1e4/hdl/axi_iic_v2_0_vh_rfs.vhd:573]
INFO: [Synth 8-3491] module 'MUXCY_L' declared at 'F:/Xilinx/Vivado/2020.1/scripts/rt/data/unisim_comp.v:42957' bound to instance 'MUXCY_L_I' of component 'MUXCY_L' [u:/sdmay23-47/petalinux/hw/hw/hw.srcs/sources_1/bd/system/ipshared/d1e4/hdl/axi_iic_v2_0_vh_rfs.vhd:560]
INFO: [Synth 8-3491] module 'XORCY' declared at 'F:/Xilinx/Vivado/2020.1/scripts/rt/data/unisim_comp.v:82397' bound to instance 'XORCY_I' of component 'XORCY' [u:/sdmay23-47/petalinux/hw/hw/hw.srcs/sources_1/bd/system/ipshared/d1e4/hdl/axi_iic_v2_0_vh_rfs.vhd:567]
INFO: [Synth 8-3491] module 'FDRE' declared at 'F:/Xilinx/Vivado/2020.1/scripts/rt/data/unisim_comp.v:13724' bound to instance 'FDRE_I' of component 'FDRE' [u:/sdmay23-47/petalinux/hw/hw/hw.srcs/sources_1/bd/system/ipshared/d1e4/hdl/axi_iic_v2_0_vh_rfs.vhd:573]
INFO: [Synth 8-3491] module 'MUXCY_L' declared at 'F:/Xilinx/Vivado/2020.1/scripts/rt/data/unisim_comp.v:42957' bound to instance 'MUXCY_L_I' of component 'MUXCY_L' [u:/sdmay23-47/petalinux/hw/hw/hw.srcs/sources_1/bd/system/ipshared/d1e4/hdl/axi_iic_v2_0_vh_rfs.vhd:560]
INFO: [Synth 8-3491] module 'XORCY' declared at 'F:/Xilinx/Vivado/2020.1/scripts/rt/data/unisim_comp.v:82397' bound to instance 'XORCY_I' of component 'XORCY' [u:/sdmay23-47/petalinux/hw/hw/hw.srcs/sources_1/bd/system/ipshared/d1e4/hdl/axi_iic_v2_0_vh_rfs.vhd:567]
INFO: [Synth 8-3491] module 'FDRE' declared at 'F:/Xilinx/Vivado/2020.1/scripts/rt/data/unisim_comp.v:13724' bound to instance 'FDRE_I' of component 'FDRE' [u:/sdmay23-47/petalinux/hw/hw/hw.srcs/sources_1/bd/system/ipshared/d1e4/hdl/axi_iic_v2_0_vh_rfs.vhd:573]
INFO: [Synth 8-3491] module 'SRL16E' declared at 'F:/Xilinx/Vivado/2020.1/scripts/rt/data/unisim_comp.v:78059' bound to instance 'SRL16E_I' of component 'SRL16E' [u:/sdmay23-47/petalinux/hw/hw/hw.srcs/sources_1/bd/system/ipshared/d1e4/hdl/axi_iic_v2_0_vh_rfs.vhd:584]
INFO: [Synth 8-6157] synthesizing module 'SRL16E' [F:/Xilinx/Vivado/2020.1/scripts/rt/data/unisim_comp.v:78059]
	Parameter INIT bound to: 16'b0000000000000000 
	Parameter IS_CLK_INVERTED bound to: 1'b0 
INFO: [Synth 8-6155] done synthesizing module 'SRL16E' (19#1) [F:/Xilinx/Vivado/2020.1/scripts/rt/data/unisim_comp.v:78059]
INFO: [Synth 8-3491] module 'SRL16E' declared at 'F:/Xilinx/Vivado/2020.1/scripts/rt/data/unisim_comp.v:78059' bound to instance 'SRL16E_I' of component 'SRL16E' [u:/sdmay23-47/petalinux/hw/hw/hw.srcs/sources_1/bd/system/ipshared/d1e4/hdl/axi_iic_v2_0_vh_rfs.vhd:584]
INFO: [Synth 8-3491] module 'SRL16E' declared at 'F:/Xilinx/Vivado/2020.1/scripts/rt/data/unisim_comp.v:78059' bound to instance 'SRL16E_I' of component 'SRL16E' [u:/sdmay23-47/petalinux/hw/hw/hw.srcs/sources_1/bd/system/ipshared/d1e4/hdl/axi_iic_v2_0_vh_rfs.vhd:584]
INFO: [Synth 8-3491] module 'SRL16E' declared at 'F:/Xilinx/Vivado/2020.1/scripts/rt/data/unisim_comp.v:78059' bound to instance 'SRL16E_I' of component 'SRL16E' [u:/sdmay23-47/petalinux/hw/hw/hw.srcs/sources_1/bd/system/ipshared/d1e4/hdl/axi_iic_v2_0_vh_rfs.vhd:584]
INFO: [Synth 8-3491] module 'SRL16E' declared at 'F:/Xilinx/Vivado/2020.1/scripts/rt/data/unisim_comp.v:78059' bound to instance 'SRL16E_I' of component 'SRL16E' [u:/sdmay23-47/petalinux/hw/hw/hw.srcs/sources_1/bd/system/ipshared/d1e4/hdl/axi_iic_v2_0_vh_rfs.vhd:584]
INFO: [Synth 8-3491] module 'SRL16E' declared at 'F:/Xilinx/Vivado/2020.1/scripts/rt/data/unisim_comp.v:78059' bound to instance 'SRL16E_I' of component 'SRL16E' [u:/sdmay23-47/petalinux/hw/hw/hw.srcs/sources_1/bd/system/ipshared/d1e4/hdl/axi_iic_v2_0_vh_rfs.vhd:584]
INFO: [Synth 8-3491] module 'SRL16E' declared at 'F:/Xilinx/Vivado/2020.1/scripts/rt/data/unisim_comp.v:78059' bound to instance 'SRL16E_I' of component 'SRL16E' [u:/sdmay23-47/petalinux/hw/hw/hw.srcs/sources_1/bd/system/ipshared/d1e4/hdl/axi_iic_v2_0_vh_rfs.vhd:584]
INFO: [Synth 8-3491] module 'SRL16E' declared at 'F:/Xilinx/Vivado/2020.1/scripts/rt/data/unisim_comp.v:78059' bound to instance 'SRL16E_I' of component 'SRL16E' [u:/sdmay23-47/petalinux/hw/hw/hw.srcs/sources_1/bd/system/ipshared/d1e4/hdl/axi_iic_v2_0_vh_rfs.vhd:584]
INFO: [Synth 8-256] done synthesizing module 'SRL_FIFO' (20#1) [u:/sdmay23-47/petalinux/hw/hw/hw.srcs/sources_1/bd/system/ipshared/d1e4/hdl/axi_iic_v2_0_vh_rfs.vhd:449]
INFO: [Synth 8-638] synthesizing module 'dynamic_master' [u:/sdmay23-47/petalinux/hw/hw/hw.srcs/sources_1/bd/system/ipshared/d1e4/hdl/axi_iic_v2_0_vh_rfs.vhd:5220]
INFO: [Synth 8-256] done synthesizing module 'dynamic_master' (21#1) [u:/sdmay23-47/petalinux/hw/hw/hw.srcs/sources_1/bd/system/ipshared/d1e4/hdl/axi_iic_v2_0_vh_rfs.vhd:5220]
INFO: [Synth 8-638] synthesizing module 'SRL_FIFO__parameterized0' [u:/sdmay23-47/petalinux/hw/hw/hw.srcs/sources_1/bd/system/ipshared/d1e4/hdl/axi_iic_v2_0_vh_rfs.vhd:449]
	Parameter C_DATA_BITS bound to: 2 - type: integer 
	Parameter C_DEPTH bound to: 4 - type: integer 
	Parameter C_XON bound to: 0 - type: bool 
INFO: [Synth 8-3491] module 'FDR' declared at 'F:/Xilinx/Vivado/2020.1/scripts/rt/data/unisim_comp.v:13711' bound to instance 'Data_Exists_DFF' of component 'FDR' [u:/sdmay23-47/petalinux/hw/hw/hw.srcs/sources_1/bd/system/ipshared/d1e4/hdl/axi_iic_v2_0_vh_rfs.vhd:543]
INFO: [Synth 8-3491] module 'MUXCY_L' declared at 'F:/Xilinx/Vivado/2020.1/scripts/rt/data/unisim_comp.v:42957' bound to instance 'MUXCY_L_I' of component 'MUXCY_L' [u:/sdmay23-47/petalinux/hw/hw/hw.srcs/sources_1/bd/system/ipshared/d1e4/hdl/axi_iic_v2_0_vh_rfs.vhd:560]
INFO: [Synth 8-3491] module 'XORCY' declared at 'F:/Xilinx/Vivado/2020.1/scripts/rt/data/unisim_comp.v:82397' bound to instance 'XORCY_I' of component 'XORCY' [u:/sdmay23-47/petalinux/hw/hw/hw.srcs/sources_1/bd/system/ipshared/d1e4/hdl/axi_iic_v2_0_vh_rfs.vhd:567]
INFO: [Synth 8-3491] module 'FDRE' declared at 'F:/Xilinx/Vivado/2020.1/scripts/rt/data/unisim_comp.v:13724' bound to instance 'FDRE_I' of component 'FDRE' [u:/sdmay23-47/petalinux/hw/hw/hw.srcs/sources_1/bd/system/ipshared/d1e4/hdl/axi_iic_v2_0_vh_rfs.vhd:573]
INFO: [Synth 8-3491] module 'MUXCY_L' declared at 'F:/Xilinx/Vivado/2020.1/scripts/rt/data/unisim_comp.v:42957' bound to instance 'MUXCY_L_I' of component 'MUXCY_L' [u:/sdmay23-47/petalinux/hw/hw/hw.srcs/sources_1/bd/system/ipshared/d1e4/hdl/axi_iic_v2_0_vh_rfs.vhd:560]
INFO: [Synth 8-3491] module 'XORCY' declared at 'F:/Xilinx/Vivado/2020.1/scripts/rt/data/unisim_comp.v:82397' bound to instance 'XORCY_I' of component 'XORCY' [u:/sdmay23-47/petalinux/hw/hw/hw.srcs/sources_1/bd/system/ipshared/d1e4/hdl/axi_iic_v2_0_vh_rfs.vhd:567]
INFO: [Synth 8-3491] module 'FDRE' declared at 'F:/Xilinx/Vivado/2020.1/scripts/rt/data/unisim_comp.v:13724' bound to instance 'FDRE_I' of component 'FDRE' [u:/sdmay23-47/petalinux/hw/hw/hw.srcs/sources_1/bd/system/ipshared/d1e4/hdl/axi_iic_v2_0_vh_rfs.vhd:573]
INFO: [Synth 8-3491] module 'MUXCY_L' declared at 'F:/Xilinx/Vivado/2020.1/scripts/rt/data/unisim_comp.v:42957' bound to instance 'MUXCY_L_I' of component 'MUXCY_L' [u:/sdmay23-47/petalinux/hw/hw/hw.srcs/sources_1/bd/system/ipshared/d1e4/hdl/axi_iic_v2_0_vh_rfs.vhd:560]
INFO: [Synth 8-3491] module 'XORCY' declared at 'F:/Xilinx/Vivado/2020.1/scripts/rt/data/unisim_comp.v:82397' bound to instance 'XORCY_I' of component 'XORCY' [u:/sdmay23-47/petalinux/hw/hw/hw.srcs/sources_1/bd/system/ipshared/d1e4/hdl/axi_iic_v2_0_vh_rfs.vhd:567]
INFO: [Synth 8-3491] module 'FDRE' declared at 'F:/Xilinx/Vivado/2020.1/scripts/rt/data/unisim_comp.v:13724' bound to instance 'FDRE_I' of component 'FDRE' [u:/sdmay23-47/petalinux/hw/hw/hw.srcs/sources_1/bd/system/ipshared/d1e4/hdl/axi_iic_v2_0_vh_rfs.vhd:573]
INFO: [Synth 8-3491] module 'MUXCY_L' declared at 'F:/Xilinx/Vivado/2020.1/scripts/rt/data/unisim_comp.v:42957' bound to instance 'MUXCY_L_I' of component 'MUXCY_L' [u:/sdmay23-47/petalinux/hw/hw/hw.srcs/sources_1/bd/system/ipshared/d1e4/hdl/axi_iic_v2_0_vh_rfs.vhd:560]
INFO: [Synth 8-3491] module 'XORCY' declared at 'F:/Xilinx/Vivado/2020.1/scripts/rt/data/unisim_comp.v:82397' bound to instance 'XORCY_I' of component 'XORCY' [u:/sdmay23-47/petalinux/hw/hw/hw.srcs/sources_1/bd/system/ipshared/d1e4/hdl/axi_iic_v2_0_vh_rfs.vhd:567]
INFO: [Synth 8-3491] module 'FDRE' declared at 'F:/Xilinx/Vivado/2020.1/scripts/rt/data/unisim_comp.v:13724' bound to instance 'FDRE_I' of component 'FDRE' [u:/sdmay23-47/petalinux/hw/hw/hw.srcs/sources_1/bd/system/ipshared/d1e4/hdl/axi_iic_v2_0_vh_rfs.vhd:573]
INFO: [Synth 8-3491] module 'SRL16E' declared at 'F:/Xilinx/Vivado/2020.1/scripts/rt/data/unisim_comp.v:78059' bound to instance 'SRL16E_I' of component 'SRL16E' [u:/sdmay23-47/petalinux/hw/hw/hw.srcs/sources_1/bd/system/ipshared/d1e4/hdl/axi_iic_v2_0_vh_rfs.vhd:584]
INFO: [Synth 8-3491] module 'SRL16E' declared at 'F:/Xilinx/Vivado/2020.1/scripts/rt/data/unisim_comp.v:78059' bound to instance 'SRL16E_I' of component 'SRL16E' [u:/sdmay23-47/petalinux/hw/hw/hw.srcs/sources_1/bd/system/ipshared/d1e4/hdl/axi_iic_v2_0_vh_rfs.vhd:584]
INFO: [Synth 8-256] done synthesizing module 'SRL_FIFO__parameterized0' (21#1) [u:/sdmay23-47/petalinux/hw/hw/hw.srcs/sources_1/bd/system/ipshared/d1e4/hdl/axi_iic_v2_0_vh_rfs.vhd:449]
INFO: [Synth 8-256] done synthesizing module 'iic' (22#1) [u:/sdmay23-47/petalinux/hw/hw/hw.srcs/sources_1/bd/system/ipshared/d1e4/hdl/axi_iic_v2_0_vh_rfs.vhd:6210]
INFO: [Synth 8-256] done synthesizing module 'axi_iic' (23#1) [u:/sdmay23-47/petalinux/hw/hw/hw.srcs/sources_1/bd/system/ipshared/d1e4/hdl/axi_iic_v2_0_vh_rfs.vhd:6901]
INFO: [Synth 8-256] done synthesizing module 'system_axi_iic_0_0' (24#1) [u:/sdmay23-47/petalinux/hw/hw/hw.srcs/sources_1/bd/system/ip/system_axi_iic_0_0/synth/system_axi_iic_0_0.vhd:91]
---------------------------------------------------------------------------------
Finished RTL Elaboration : Time (s): cpu = 00:00:16 ; elapsed = 00:00:22 . Memory (MB): peak = 1161.074 ; gain = 63.711
---------------------------------------------------------------------------------
---------------------------------------------------------------------------------
Start Handling Custom Attributes
---------------------------------------------------------------------------------
---------------------------------------------------------------------------------
Finished Handling Custom Attributes : Time (s): cpu = 00:00:17 ; elapsed = 00:00:26 . Memory (MB): peak = 1161.074 ; gain = 63.711
---------------------------------------------------------------------------------
---------------------------------------------------------------------------------
Finished RTL Optimization Phase 1 : Time (s): cpu = 00:00:17 ; elapsed = 00:00:26 . Memory (MB): peak = 1161.074 ; gain = 63.711
---------------------------------------------------------------------------------
Netlist sorting complete. Time (s): cpu = 00:00:00 ; elapsed = 00:00:00.338 . Memory (MB): peak = 1161.074 ; gain = 0.000
INFO: [Netlist 29-17] Analyzing 44 Unisim elements for replacement
INFO: [Netlist 29-28] Unisim Transformation completed in 0 CPU seconds
INFO: [Project 1-570] Preparing netlist for logic optimization

Processing XDC Constraints
Initializing timing engine
Parsing XDC File [u:/sdmay23-47/petalinux/hw/hw/hw.srcs/sources_1/bd/system/ip/system_axi_iic_0_0/system_axi_iic_0_0_ooc.xdc] for cell 'U0'
Finished Parsing XDC File [u:/sdmay23-47/petalinux/hw/hw/hw.srcs/sources_1/bd/system/ip/system_axi_iic_0_0/system_axi_iic_0_0_ooc.xdc] for cell 'U0'
Parsing XDC File [u:/sdmay23-47/petalinux/hw/hw/hw.srcs/sources_1/bd/system/ip/system_axi_iic_0_0/system_axi_iic_0_0_board.xdc] for cell 'U0'
Finished Parsing XDC File [u:/sdmay23-47/petalinux/hw/hw/hw.srcs/sources_1/bd/system/ip/system_axi_iic_0_0/system_axi_iic_0_0_board.xdc] for cell 'U0'
Parsing XDC File [U:/sdmay23-47/petalinux/hw/hw/hw.runs/system_axi_iic_0_0_synth_1/dont_touch.xdc]
Finished Parsing XDC File [U:/sdmay23-47/petalinux/hw/hw/hw.runs/system_axi_iic_0_0_synth_1/dont_touch.xdc]
Completed Processing XDC Constraints

Netlist sorting complete. Time (s): cpu = 00:00:00 ; elapsed = 00:00:00.003 . Memory (MB): peak = 1261.441 ; gain = 0.000
INFO: [Project 1-111] Unisim Transformation Summary:
  A total of 32 instances were transformed.
  FDR => FDRE: 15 instances
  FDRSE => FDRSE (FDRE, LUT4, VCC): 5 instances
  MUXCY_L => MUXCY: 12 instances

Constraint Validation Runtime : Time (s): cpu = 00:00:00 ; elapsed = 00:00:00.114 . Memory (MB): peak = 1271.930 ; gain = 10.488
---------------------------------------------------------------------------------
Finished Constraint Validation : Time (s): cpu = 00:00:34 ; elapsed = 00:00:50 . Memory (MB): peak = 1271.930 ; gain = 174.566
---------------------------------------------------------------------------------
---------------------------------------------------------------------------------
Start Loading Part and Timing Information
---------------------------------------------------------------------------------
Loading part: xc7z010clg400-1
---------------------------------------------------------------------------------
Finished Loading Part and Timing Information : Time (s): cpu = 00:00:34 ; elapsed = 00:00:50 . Memory (MB): peak = 1271.930 ; gain = 174.566
---------------------------------------------------------------------------------
---------------------------------------------------------------------------------
Start Applying 'set_property' XDC Constraints
---------------------------------------------------------------------------------
Applied set_property DONT_TOUCH = true for U0. (constraint file  U:/sdmay23-47/petalinux/hw/hw/hw.runs/system_axi_iic_0_0_synth_1/dont_touch.xdc, line 9).
---------------------------------------------------------------------------------
Finished applying 'set_property' XDC Constraints : Time (s): cpu = 00:00:34 ; elapsed = 00:00:50 . Memory (MB): peak = 1271.930 ; gain = 174.566
---------------------------------------------------------------------------------
INFO: [Synth 8-802] inferred FSM for state register 'state_reg' in module 'slave_attachment'
INFO: [Synth 8-802] inferred FSM for state register 'scl_state_reg' in module 'iic_control'
INFO: [Synth 8-802] inferred FSM for state register 'state_reg' in module 'iic_control'
---------------------------------------------------------------------------------------------------
                   State |                     New Encoding |                Previous Encoding 
---------------------------------------------------------------------------------------------------
                 iSTATE2 |                             0001 |                               00
                  iSTATE |                             0010 |                               01
                 iSTATE0 |                             0100 |                               10
                 iSTATE1 |                             1000 |                               11
---------------------------------------------------------------------------------------------------
INFO: [Synth 8-3354] encoded FSM with state register 'state_reg' using encoding 'one-hot' in module 'slave_attachment'
---------------------------------------------------------------------------------------------------
                   State |                     New Encoding |                Previous Encoding 
---------------------------------------------------------------------------------------------------
                    idle |                              000 |                              000
                  header |                              101 |                              001
              ack_header |                              110 |                              010
                rcv_data |                              100 |                              011
                ack_data |                              011 |                              100
               xmit_data |                              010 |                              101
                wait_ack |                              001 |                              110
---------------------------------------------------------------------------------------------------
INFO: [Synth 8-3354] encoded FSM with state register 'state_reg' using encoding 'sequential' in module 'iic_control'
---------------------------------------------------------------------------------------------------
                   State |                     New Encoding |                Previous Encoding 
---------------------------------------------------------------------------------------------------
                scl_idle |                       0000000001 |                             0000
              start_wait |                       0000000010 |                             0001
                   start |                       0000000100 |                             0010
              start_edge |                       0000001000 |                             0011
            scl_low_edge |                       0000010000 |                             0100
                 scl_low |                       0000100000 |                             0101
           scl_high_edge |                       0001000000 |                             0110
                scl_high |                       0010000000 |                             0111
               stop_edge |                       0100000000 |                             1000
               stop_wait |                       1000000000 |                             1001
---------------------------------------------------------------------------------------------------
INFO: [Synth 8-3354] encoded FSM with state register 'scl_state_reg' using encoding 'one-hot' in module 'iic_control'
---------------------------------------------------------------------------------
Finished RTL Optimization Phase 2 : Time (s): cpu = 00:00:37 ; elapsed = 00:00:54 . Memory (MB): peak = 1271.930 ; gain = 174.566
---------------------------------------------------------------------------------
---------------------------------------------------------------------------------
Start RTL Component Statistics 
---------------------------------------------------------------------------------
Detailed RTL Component Info : 
+---Adders : 
	   2 Input   10 Bit       Adders := 2     
	   2 Input    8 Bit       Adders := 1     
	   2 Input    4 Bit       Adders := 2     
+---XORs : 
	   2 Input      1 Bit         XORs := 20    
+---Registers : 
	               32 Bit    Registers := 1     
	               10 Bit    Registers := 10    
	                9 Bit    Registers := 2     
	                8 Bit    Registers := 8     
	                7 Bit    Registers := 1     
	                4 Bit    Registers := 3     
	                2 Bit    Registers := 3     
	                1 Bit    Registers := 143   
+---Muxes : 
	   2 Input   32 Bit        Muxes := 5     
	   2 Input   10 Bit        Muxes := 15    
	  10 Input   10 Bit        Muxes := 1     
	   2 Input    9 Bit        Muxes := 1     
	   3 Input    9 Bit        Muxes := 1     
	   2 Input    8 Bit        Muxes := 4     
	   4 Input    4 Bit        Muxes := 1     
	   2 Input    4 Bit        Muxes := 6     
	  21 Input    3 Bit        Muxes := 1     
	   7 Input    2 Bit        Muxes := 1     
	   2 Input    2 Bit        Muxes := 3     
	   2 Input    1 Bit        Muxes := 105   
	   4 Input    1 Bit        Muxes := 3     
	   7 Input    1 Bit        Muxes := 3     
	   3 Input    1 Bit        Muxes := 1     
	  10 Input    1 Bit        Muxes := 10    
---------------------------------------------------------------------------------
Finished RTL Component Statistics 
---------------------------------------------------------------------------------
---------------------------------------------------------------------------------
Start Part Resource Summary
---------------------------------------------------------------------------------
Part Resources:
DSPs: 80 (col length:40)
BRAMs: 120 (col length: RAMB18 40 RAMB36 20)
---------------------------------------------------------------------------------
Finished Part Resource Summary
---------------------------------------------------------------------------------
---------------------------------------------------------------------------------
Start Cross Boundary and Area Optimization
---------------------------------------------------------------------------------
---------------------------------------------------------------------------------
Finished Cross Boundary and Area Optimization : Time (s): cpu = 00:00:45 ; elapsed = 00:01:04 . Memory (MB): peak = 1271.930 ; gain = 174.566
---------------------------------------------------------------------------------
---------------------------------------------------------------------------------
Start Applying XDC Timing Constraints
---------------------------------------------------------------------------------
---------------------------------------------------------------------------------
Finished Applying XDC Timing Constraints : Time (s): cpu = 00:01:04 ; elapsed = 00:01:25 . Memory (MB): peak = 1271.930 ; gain = 174.566
---------------------------------------------------------------------------------
---------------------------------------------------------------------------------
Start Timing Optimization
---------------------------------------------------------------------------------
---------------------------------------------------------------------------------
Finished Timing Optimization : Time (s): cpu = 00:01:08 ; elapsed = 00:01:31 . Memory (MB): peak = 1296.660 ; gain = 199.297
---------------------------------------------------------------------------------
---------------------------------------------------------------------------------
Start Technology Mapping
---------------------------------------------------------------------------------
---------------------------------------------------------------------------------
Finished Technology Mapping : Time (s): cpu = 00:01:09 ; elapsed = 00:01:31 . Memory (MB): peak = 1296.660 ; gain = 199.297
---------------------------------------------------------------------------------
---------------------------------------------------------------------------------
Start IO Insertion
---------------------------------------------------------------------------------
---------------------------------------------------------------------------------
Start Flattening Before IO Insertion
---------------------------------------------------------------------------------
---------------------------------------------------------------------------------
Finished Flattening Before IO Insertion
---------------------------------------------------------------------------------
---------------------------------------------------------------------------------
Start Final Netlist Cleanup
---------------------------------------------------------------------------------
---------------------------------------------------------------------------------
Finished Final Netlist Cleanup
---------------------------------------------------------------------------------
---------------------------------------------------------------------------------
Finished IO Insertion : Time (s): cpu = 00:01:16 ; elapsed = 00:01:39 . Memory (MB): peak = 1296.660 ; gain = 199.297
---------------------------------------------------------------------------------
---------------------------------------------------------------------------------
Start Renaming Generated Instances
---------------------------------------------------------------------------------
---------------------------------------------------------------------------------
Finished Renaming Generated Instances : Time (s): cpu = 00:01:16 ; elapsed = 00:01:39 . Memory (MB): peak = 1296.660 ; gain = 199.297
---------------------------------------------------------------------------------
---------------------------------------------------------------------------------
Start Rebuilding User Hierarchy
---------------------------------------------------------------------------------
---------------------------------------------------------------------------------
Finished Rebuilding User Hierarchy : Time (s): cpu = 00:01:16 ; elapsed = 00:01:39 . Memory (MB): peak = 1296.660 ; gain = 199.297
---------------------------------------------------------------------------------
---------------------------------------------------------------------------------
Start Renaming Generated Ports
---------------------------------------------------------------------------------
---------------------------------------------------------------------------------
Finished Renaming Generated Ports : Time (s): cpu = 00:01:16 ; elapsed = 00:01:39 . Memory (MB): peak = 1296.660 ; gain = 199.297
---------------------------------------------------------------------------------
---------------------------------------------------------------------------------
Start Handling Custom Attributes
---------------------------------------------------------------------------------
---------------------------------------------------------------------------------
Finished Handling Custom Attributes : Time (s): cpu = 00:01:16 ; elapsed = 00:01:39 . Memory (MB): peak = 1296.660 ; gain = 199.297
---------------------------------------------------------------------------------
---------------------------------------------------------------------------------
Start Renaming Generated Nets
---------------------------------------------------------------------------------
---------------------------------------------------------------------------------
Finished Renaming Generated Nets : Time (s): cpu = 00:01:16 ; elapsed = 00:01:39 . Memory (MB): peak = 1296.660 ; gain = 199.297
---------------------------------------------------------------------------------
---------------------------------------------------------------------------------
Start Writing Synthesis Report
---------------------------------------------------------------------------------

Report BlackBoxes: 
+-+--------------+----------+
| |BlackBox name |Instances |
+-+--------------+----------+
+-+--------------+----------+

Report Cell Usage: 
+------+--------+------+
|      |Cell    |Count |
+------+--------+------+
|1     |CARRY4  |    10|
|2     |LUT1    |     8|
|3     |LUT2    |    55|
|4     |LUT3    |    54|
|5     |LUT4    |    85|
|6     |LUT5    |    72|
|7     |LUT6    |   182|
|8     |MUXCY_L |     9|
|9     |MUXF7   |     8|
|10    |MUXF8   |     4|
|11    |SRL16E  |    18|
|12    |XORCY   |    12|
|13    |FDR     |    11|
|14    |FDRE    |   313|
|15    |FDSE    |    50|
+------+--------+------+
---------------------------------------------------------------------------------
Finished Writing Synthesis Report : Time (s): cpu = 00:01:16 ; elapsed = 00:01:39 . Memory (MB): peak = 1296.660 ; gain = 199.297
---------------------------------------------------------------------------------
Synthesis finished with 0 errors, 0 critical warnings and 0 warnings.
Synthesis Optimization Runtime : Time (s): cpu = 00:00:54 ; elapsed = 00:01:29 . Memory (MB): peak = 1296.660 ; gain = 88.441
Synthesis Optimization Complete : Time (s): cpu = 00:01:17 ; elapsed = 00:01:40 . Memory (MB): peak = 1296.660 ; gain = 199.297
INFO: [Project 1-571] Translating synthesized netlist
Netlist sorting complete. Time (s): cpu = 00:00:00 ; elapsed = 00:00:00.038 . Memory (MB): peak = 1296.660 ; gain = 0.000
INFO: [Netlist 29-17] Analyzing 54 Unisim elements for replacement
INFO: [Netlist 29-28] Unisim Transformation completed in 0 CPU seconds
INFO: [Project 1-570] Preparing netlist for logic optimization
INFO: [Opt 31-138] Pushed 0 inverter(s) to 0 load pin(s).
Netlist sorting complete. Time (s): cpu = 00:00:00 ; elapsed = 00:00:00.001 . Memory (MB): peak = 1303.508 ; gain = 0.000
INFO: [Project 1-111] Unisim Transformation Summary:
  A total of 14 instances were transformed.
  (MUXCY,XORCY) => CARRY4: 3 instances
  FDR => FDRE: 11 instances

INFO: [Common 17-83] Releasing license: Synthesis
198 Infos, 1 Warnings, 0 Critical Warnings and 0 Errors encountered.
synth_design completed successfully
synth_design: Time (s): cpu = 00:01:34 ; elapsed = 00:02:13 . Memory (MB): peak = 1303.508 ; gain = 206.145
INFO: [Common 17-1381] The checkpoint 'U:/sdmay23-47/petalinux/hw/hw/hw.runs/system_axi_iic_0_0_synth_1/system_axi_iic_0_0.dcp' has been generated.
WARNING: [Common 17-576] 'use_project_ipc' is deprecated. This option is deprecated and no longer used.
INFO: [Coretcl 2-1648] Added synthesis output to IP cache for IP system_axi_iic_0_0, cache-ID = 30508fa9567b4e26
INFO: [Coretcl 2-1174] Renamed 24 cell refs.
INFO: [Common 17-1381] The checkpoint 'U:/sdmay23-47/petalinux/hw/hw/hw.runs/system_axi_iic_0_0_synth_1/system_axi_iic_0_0.dcp' has been generated.
INFO: [runtcl-4] Executing : report_utilization -file system_axi_iic_0_0_utilization_synth.rpt -pb system_axi_iic_0_0_utilization_synth.pb
INFO: [Common 17-206] Exiting Vivado at Wed Mar 29 21:30:51 2023...
