TRACE::2023-03-31.14:55:19::SCWPlatform::Trying to open the hw design at /home/corbin/sdmay23-47/petalinux/sw/platform/CyDAQ_platform/hw/CyDAQ_proto_1.xsa
TRACE::2023-03-31.14:55:19::SCWPlatform::DSA given /home/corbin/sdmay23-47/petalinux/sw/platform/CyDAQ_platform/hw/CyDAQ_proto_1.xsa
TRACE::2023-03-31.14:55:19::SCWPlatform::DSA absoulate path /home/corbin/sdmay23-47/petalinux/sw/platform/CyDAQ_platform/hw/CyDAQ_proto_1.xsa
TRACE::2023-03-31.14:55:22::SCWPlatform::DSA directory /home/corbin/sdmay23-47/petalinux/sw/platform/CyDAQ_platform/hw
TRACE::2023-03-31.14:55:22::SCWPlatform:: Platform Path /home/corbin/sdmay23-47/petalinux/sw/platform/CyDAQ_platform/hw/CyDAQ_proto_1.xsa
TRACE::2023-03-31.14:55:22::SCWPlatform:: Unique name xilinx:zybo-z7-10::0.0
TRACE::2023-03-31.14:55:22::SCWPlatform::Do not have an existing db opened. 
TRACE::2023-03-31.14:55:25::SCWPlatform::Opened new HwDB with name system_wrapper_0
TRACE::2023-03-31.14:55:25::SCWWriter::formatted JSON is {
	"platformName":	"CyDAQ_platform",
	"sprVersion":	"2.0",
	"mode":	"gui",
	"dsaType":	"Fixed",
	"platformDesc":	"CyDAQ_platform",
	"platHandOff":	"/home/corbin/sdmay23-47/petalinux/os/HW/CyDAQ_proto_1.xsa",
	"platIntHandOff":	"<platformDir>/hw/CyDAQ_proto_1.xsa",
	"deviceType":	"zynq",
	"platIsPrebuiltAutogen":	"false",
	"platIsNoBootBsp":	"true",
	"hasFsblMakeHasChanges":	"false",
	"hasPmufwMakeHasChanges":	"false",
	"platPreBuiltFlag":	false,
	"platformSamplesDir":	""
}
TRACE::2023-03-31.14:55:25::SCWWriter::formatted JSON is {
	"platformName":	"CyDAQ_platform",
	"sprVersion":	"2.0",
	"mode":	"gui",
	"dsaType":	"Fixed",
	"platformDesc":	"CyDAQ_platform",
	"platHandOff":	"/home/corbin/sdmay23-47/petalinux/os/HW/CyDAQ_proto_1.xsa",
	"platIntHandOff":	"<platformDir>/hw/CyDAQ_proto_1.xsa",
	"deviceType":	"zynq",
	"platIsPrebuiltAutogen":	"false",
	"platIsNoBootBsp":	"true",
	"hasFsblMakeHasChanges":	"false",
	"hasPmufwMakeHasChanges":	"false",
	"platPreBuiltFlag":	false,
	"platformSamplesDir":	"",
	"platActiveSys":	"CyDAQ_platform",
	"systems":	[{
			"systemName":	"CyDAQ_platform",
			"systemDesc":	"CyDAQ_platform",
			"sysIsBootAutoGen":	"true",
			"systemDispName":	"CyDAQ_platform"
		}]
}
TRACE::2023-03-31.14:55:25::SCWDomain::checking for install qemu data   : 
TRACE::2023-03-31.14:55:25::SCWPlatform::Trying to open the hw design at /home/corbin/sdmay23-47/petalinux/sw/platform/CyDAQ_platform/hw/CyDAQ_proto_1.xsa
TRACE::2023-03-31.14:55:25::SCWPlatform::DSA given /home/corbin/sdmay23-47/petalinux/sw/platform/CyDAQ_platform/hw/CyDAQ_proto_1.xsa
TRACE::2023-03-31.14:55:25::SCWPlatform::DSA absoulate path /home/corbin/sdmay23-47/petalinux/sw/platform/CyDAQ_platform/hw/CyDAQ_proto_1.xsa
TRACE::2023-03-31.14:55:25::SCWPlatform::DSA directory /home/corbin/sdmay23-47/petalinux/sw/platform/CyDAQ_platform/hw
TRACE::2023-03-31.14:55:25::SCWPlatform:: Platform Path /home/corbin/sdmay23-47/petalinux/sw/platform/CyDAQ_platform/hw/CyDAQ_proto_1.xsa
TRACE::2023-03-31.14:55:25::SCWPlatform:: Unique name xilinx:zybo-z7-10::0.0
TRACE::2023-03-31.14:55:25::SCWPlatform::Trying to set the existing hwdb with name system_wrapper_0
TRACE::2023-03-31.14:55:25::SCWPlatform::Opened existing hwdb system_wrapper_0
TRACE::2023-03-31.14:55:25::SCWPlatform::Found the Hw Db part of the input DSA
TRACE::2023-03-31.14:55:25::SCWWriter::formatted JSON is {
	"platformName":	"CyDAQ_platform",
	"sprVersion":	"2.0",
	"mode":	"gui",
	"dsaType":	"Fixed",
	"platformDesc":	"CyDAQ_platform",
	"platHandOff":	"/home/corbin/sdmay23-47/petalinux/os/HW/CyDAQ_proto_1.xsa",
	"platIntHandOff":	"<platformDir>/hw/CyDAQ_proto_1.xsa",
	"deviceType":	"zynq",
	"platIsPrebuiltAutogen":	"false",
	"platIsNoBootBsp":	"true",
	"hasFsblMakeHasChanges":	"false",
	"hasPmufwMakeHasChanges":	"false",
	"platPreBuiltFlag":	false,
	"platformSamplesDir":	"",
	"platActiveSys":	"CyDAQ_platform",
	"systems":	[{
			"systemName":	"CyDAQ_platform",
			"systemDesc":	"CyDAQ_platform",
			"sysIsBootAutoGen":	"true",
			"systemDispName":	"CyDAQ_platform",
			"sysActiveDom":	"linux_domain",
			"sysDefaultDom":	"linux_domain",
			"domains":	[{
					"domainName":	"linux_domain",
					"domainDispName":	"linux_domain",
					"domainDesc":	"linux_domain",
					"processors":	"ps7_cortexa9",
					"os":	"linux",
					"sdxOs":	"linux",
					"debugEnable":	"False",
					"domRuntimes":	["cpp"],
					"isLinuxConfigured":	"true",
					"isBuildFlow":	"false",
					"sysBootDir":	"",
					"isMicroBlaze":	"false",
					"bootmode":	"sd",
					"prebuiltLibs":	{
						"prebuiltIncPath":	[],
						"prebuiltLibPath":	[]
					},
					"isolation":	{
					}
				}]
		}]
}
TRACE::2023-03-31.14:55:25::SCWWriter::formatted JSON is {
	"platformName":	"CyDAQ_platform",
	"sprVersion":	"2.0",
	"mode":	"gui",
	"dsaType":	"Fixed",
	"platformDesc":	"CyDAQ_platform",
	"platHandOff":	"/home/corbin/sdmay23-47/petalinux/os/HW/CyDAQ_proto_1.xsa",
	"platIntHandOff":	"<platformDir>/hw/CyDAQ_proto_1.xsa",
	"deviceType":	"zynq",
	"platIsPrebuiltAutogen":	"false",
	"platIsNoBootBsp":	"true",
	"hasFsblMakeHasChanges":	"false",
	"hasPmufwMakeHasChanges":	"false",
	"platPreBuiltFlag":	false,
	"platformSamplesDir":	"",
	"platActiveSys":	"CyDAQ_platform",
	"systems":	[{
			"systemName":	"CyDAQ_platform",
			"systemDesc":	"CyDAQ_platform",
			"sysIsBootAutoGen":	"true",
			"systemDispName":	"CyDAQ_platform",
			"sysActiveDom":	"linux_domain",
			"sysDefaultDom":	"linux_domain",
			"domains":	[{
					"domainName":	"linux_domain",
					"domainDispName":	"linux on ps7_cortexa9",
					"domainDesc":	"linux_domain",
					"processors":	"ps7_cortexa9",
					"os":	"linux",
					"sdxOs":	"linux",
					"debugEnable":	"False",
					"domRuntimes":	["cpp"],
					"isLinuxConfigured":	"true",
					"isBuildFlow":	"false",
					"sysBootDir":	"",
					"isMicroBlaze":	"false",
					"bootmode":	"sd",
					"prebuiltLibs":	{
						"prebuiltIncPath":	[],
						"prebuiltLibPath":	[]
					},
					"isolation":	{
					}
				}]
		}]
}
TRACE::2023-03-31.14:55:25::SCWWriter::formatted JSON is {
	"platformName":	"CyDAQ_platform",
	"sprVersion":	"2.0",
	"mode":	"gui",
	"dsaType":	"Fixed",
	"platformDesc":	"CyDAQ_platform",
	"platHandOff":	"/home/corbin/sdmay23-47/petalinux/os/HW/CyDAQ_proto_1.xsa",
	"platIntHandOff":	"<platformDir>/hw/CyDAQ_proto_1.xsa",
	"deviceType":	"zynq",
	"platIsPrebuiltAutogen":	"false",
	"platIsNoBootBsp":	"true",
	"hasFsblMakeHasChanges":	"false",
	"hasPmufwMakeHasChanges":	"false",
	"platPreBuiltFlag":	false,
	"platformSamplesDir":	"",
	"platActiveSys":	"CyDAQ_platform",
	"systems":	[{
			"systemName":	"CyDAQ_platform",
			"systemDesc":	"CyDAQ_platform",
			"sysIsBootAutoGen":	"false",
			"systemDispName":	"CyDAQ_platform",
			"sysActiveDom":	"linux_domain",
			"sysDefaultDom":	"linux_domain",
			"domains":	[{
					"domainName":	"linux_domain",
					"domainDispName":	"linux on ps7_cortexa9",
					"domainDesc":	"linux_domain",
					"processors":	"ps7_cortexa9",
					"os":	"linux",
					"sdxOs":	"linux",
					"debugEnable":	"False",
					"domRuntimes":	["cpp"],
					"isLinuxConfigured":	"true",
					"isBuildFlow":	"false",
					"sysBootDir":	"",
					"isMicroBlaze":	"false",
					"bootmode":	"sd",
					"prebuiltLibs":	{
						"prebuiltIncPath":	[],
						"prebuiltLibPath":	[]
					},
					"isolation":	{
					}
				}]
		}]
}
TRACE::2023-03-31.14:55:25::SCWWriter::formatted JSON is {
	"platformName":	"CyDAQ_platform",
	"sprVersion":	"2.0",
	"mode":	"gui",
	"dsaType":	"Fixed",
	"platformDesc":	"CyDAQ_platform",
	"platHandOff":	"/home/corbin/sdmay23-47/petalinux/os/HW/CyDAQ_proto_1.xsa",
	"platIntHandOff":	"<platformDir>/hw/CyDAQ_proto_1.xsa",
	"deviceType":	"zynq",
	"platIsPrebuiltAutogen":	"false",
	"platIsNoBootBsp":	"true",
	"hasFsblMakeHasChanges":	"false",
	"hasPmufwMakeHasChanges":	"false",
	"platPreBuiltFlag":	false,
	"platformSamplesDir":	"",
	"platActiveSys":	"CyDAQ_platform",
	"systems":	[{
			"systemName":	"CyDAQ_platform",
			"systemDesc":	"CyDAQ_platform",
			"sysIsBootAutoGen":	"false",
			"systemDispName":	"CyDAQ_platform",
			"sysActiveDom":	"linux_domain",
			"sysDefaultDom":	"linux_domain",
			"domains":	[{
					"domainName":	"linux_domain",
					"domainDispName":	"linux on ps7_cortexa9",
					"domainDesc":	"linux_domain",
					"processors":	"ps7_cortexa9",
					"os":	"linux",
					"sdxOs":	"linux",
					"debugEnable":	"False",
					"domRuntimes":	["cpp"],
					"isLinuxConfigured":	"true",
					"isBuildFlow":	"false",
					"sysBootDir":	"",
					"isMicroBlaze":	"false",
					"bootmode":	"sd",
					"prebuiltLibs":	{
						"prebuiltIncPath":	[],
						"prebuiltLibPath":	[]
					},
					"isolation":	{
					}
				}]
		}]
}
TRACE::2023-03-31.14:55:26::SCWPlatform::Clearing the existing platform
TRACE::2023-03-31.14:55:26::SCWSystem::Clearing the existing sysconfig
TRACE::2023-03-31.14:55:26::SCWSystem::Clearing the domains completed.
TRACE::2023-03-31.14:55:26::SCWPlatform::Clearing the opened hw db.
TRACE::2023-03-31.14:55:26::SCWPlatform::DSA given /home/corbin/sdmay23-47/petalinux/sw/platform/CyDAQ_platform/hw/CyDAQ_proto_1.xsa
TRACE::2023-03-31.14:55:26::SCWPlatform::DSA absoulate path /home/corbin/sdmay23-47/petalinux/sw/platform/CyDAQ_platform/hw/CyDAQ_proto_1.xsa
TRACE::2023-03-31.14:55:26::SCWPlatform:: Platform location is /home/corbin/sdmay23-47/petalinux/sw/platform/CyDAQ_platform/hw
TRACE::2023-03-31.14:55:26::SCWPlatform:: Platform Path /home/corbin/sdmay23-47/petalinux/sw/platform/CyDAQ_platform/hw/CyDAQ_proto_1.xsa
TRACE::2023-03-31.14:55:26::SCWPlatform:: Unique name xilinx:zybo-z7-10::0.0
TRACE::2023-03-31.14:55:26::SCWPlatform::Removing the HwDB with name /home/corbin/sdmay23-47/petalinux/sw/platform/CyDAQ_platform/hw/CyDAQ_proto_1.xsa
TRACE::2023-03-31.14:55:26::SCWPlatform::Trying to open the hw design at /home/corbin/sdmay23-47/petalinux/sw/platform/CyDAQ_platform/hw/CyDAQ_proto_1.xsa
TRACE::2023-03-31.14:55:26::SCWPlatform::DSA given /home/corbin/sdmay23-47/petalinux/sw/platform/CyDAQ_platform/hw/CyDAQ_proto_1.xsa
TRACE::2023-03-31.14:55:26::SCWPlatform::DSA absoulate path /home/corbin/sdmay23-47/petalinux/sw/platform/CyDAQ_platform/hw/CyDAQ_proto_1.xsa
TRACE::2023-03-31.14:55:26::SCWPlatform::DSA directory /home/corbin/sdmay23-47/petalinux/sw/platform/CyDAQ_platform/hw
TRACE::2023-03-31.14:55:26::SCWPlatform:: Platform Path /home/corbin/sdmay23-47/petalinux/sw/platform/CyDAQ_platform/hw/CyDAQ_proto_1.xsa
TRACE::2023-03-31.14:55:26::SCWPlatform:: Unique name xilinx:zybo-z7-10::0.0
TRACE::2023-03-31.14:55:26::SCWPlatform::Do not have an existing db opened. 
TRACE::2023-03-31.14:55:27::SCWPlatform::Opened new HwDB with name system_wrapper_1
TRACE::2023-03-31.14:55:27::SCWReader::Active system found as  CyDAQ_platform
TRACE::2023-03-31.14:55:27::SCWReader::Handling sysconfig CyDAQ_platform
TRACE::2023-03-31.14:55:27::SCWDomain::checking for install qemu data   : 
TRACE::2023-03-31.14:55:27::SCWPlatform::Trying to open the hw design at /home/corbin/sdmay23-47/petalinux/sw/platform/CyDAQ_platform/hw/CyDAQ_proto_1.xsa
TRACE::2023-03-31.14:55:27::SCWPlatform::DSA given /home/corbin/sdmay23-47/petalinux/sw/platform/CyDAQ_platform/hw/CyDAQ_proto_1.xsa
TRACE::2023-03-31.14:55:27::SCWPlatform::DSA absoulate path /home/corbin/sdmay23-47/petalinux/sw/platform/CyDAQ_platform/hw/CyDAQ_proto_1.xsa
TRACE::2023-03-31.14:55:27::SCWPlatform::DSA directory /home/corbin/sdmay23-47/petalinux/sw/platform/CyDAQ_platform/hw
TRACE::2023-03-31.14:55:27::SCWPlatform:: Platform Path /home/corbin/sdmay23-47/petalinux/sw/platform/CyDAQ_platform/hw/CyDAQ_proto_1.xsa
TRACE::2023-03-31.14:55:27::SCWPlatform:: Unique name xilinx:zybo-z7-10::0.0
TRACE::2023-03-31.14:55:27::SCWPlatform::Trying to set the existing hwdb with name system_wrapper_1
TRACE::2023-03-31.14:55:27::SCWPlatform::Opened existing hwdb system_wrapper_1
TRACE::2023-03-31.14:55:27::SCWPlatform::Found the Hw Db part of the input DSA
TRACE::2023-03-31.14:55:27::SCWReader::Adding prebuilt librarypaths as   
TRACE::2023-03-31.14:55:27::SCWReader::Adding prebuilt incpaths  as   
TRACE::2023-03-31.14:55:27::SCWReader::No isolation master present  
TRACE::2023-03-31.14:56:27::SCWWriter::formatted JSON is {
	"platformName":	"CyDAQ_platform",
	"sprVersion":	"2.0",
	"mode":	"gui",
	"dsaType":	"Fixed",
	"platformDesc":	"CyDAQ_platform",
	"platHandOff":	"/home/corbin/sdmay23-47/petalinux/os/HW/CyDAQ_proto_1.xsa",
	"platIntHandOff":	"<platformDir>/hw/CyDAQ_proto_1.xsa",
	"deviceType":	"zynq",
	"platIsPrebuiltAutogen":	"false",
	"platIsNoBootBsp":	"true",
	"hasFsblMakeHasChanges":	"false",
	"hasPmufwMakeHasChanges":	"false",
	"platPreBuiltFlag":	false,
	"platformSamplesDir":	"",
	"platActiveSys":	"CyDAQ_platform",
	"systems":	[{
			"systemName":	"CyDAQ_platform",
			"systemDesc":	"CyDAQ_platform",
			"sysIsBootAutoGen":	"false",
			"systemDispName":	"CyDAQ_platform",
			"sysActiveDom":	"linux_domain",
			"sysDefaultDom":	"linux_domain",
			"domains":	[{
					"domainName":	"linux_domain",
					"domainDispName":	"linux on ps7_cortexa9",
					"domainDesc":	"linux_domain",
					"processors":	"ps7_cortexa9",
					"os":	"linux",
					"sdxOs":	"linux",
					"debugEnable":	"False",
					"domRuntimes":	["cpp"],
					"isLinuxConfigured":	"true",
					"isBuildFlow":	"false",
					"sysBootDir":	"",
					"bootBifFile":	"/home/corbin/sdmay23-47/petalinux/sw/linux_files/boot/linux.bif",
					"isMicroBlaze":	"false",
					"bootmode":	"sd",
					"prebuiltLibs":	{
						"prebuiltIncPath":	[],
						"prebuiltLibPath":	[]
					},
					"isolation":	{
					}
				}]
		}]
}
TRACE::2023-03-31.14:56:30::SCWWriter::formatted JSON is {
	"platformName":	"CyDAQ_platform",
	"sprVersion":	"2.0",
	"mode":	"gui",
	"dsaType":	"Fixed",
	"platformDesc":	"CyDAQ_platform",
	"platHandOff":	"/home/corbin/sdmay23-47/petalinux/os/HW/CyDAQ_proto_1.xsa",
	"platIntHandOff":	"<platformDir>/hw/CyDAQ_proto_1.xsa",
	"deviceType":	"zynq",
	"platIsPrebuiltAutogen":	"false",
	"platIsNoBootBsp":	"true",
	"hasFsblMakeHasChanges":	"false",
	"hasPmufwMakeHasChanges":	"false",
	"platPreBuiltFlag":	false,
	"platformSamplesDir":	"",
	"platActiveSys":	"CyDAQ_platform",
	"systems":	[{
			"systemName":	"CyDAQ_platform",
			"systemDesc":	"CyDAQ_platform",
			"sysIsBootAutoGen":	"false",
			"systemDispName":	"CyDAQ_platform",
			"sysActiveDom":	"linux_domain",
			"sysDefaultDom":	"linux_domain",
			"domains":	[{
					"domainName":	"linux_domain",
					"domainDispName":	"linux on ps7_cortexa9",
					"domainDesc":	"linux_domain",
					"processors":	"ps7_cortexa9",
					"os":	"linux",
					"sdxOs":	"linux",
					"debugEnable":	"False",
					"domRuntimes":	["cpp"],
					"isLinuxConfigured":	"true",
					"isBuildFlow":	"false",
					"sysBootDir":	"/home/corbin/sdmay23-47/petalinux/sw/linux_files/boot",
					"bootBifFile":	"/home/corbin/sdmay23-47/petalinux/sw/linux_files/boot/linux.bif",
					"isMicroBlaze":	"false",
					"bootmode":	"sd",
					"prebuiltLibs":	{
						"prebuiltIncPath":	[],
						"prebuiltLibPath":	[]
					},
					"isolation":	{
					}
				}]
		}]
}
TRACE::2023-03-31.14:56:35::SCWWriter::formatted JSON is {
	"platformName":	"CyDAQ_platform",
	"sprVersion":	"2.0",
	"mode":	"gui",
	"dsaType":	"Fixed",
	"platformDesc":	"CyDAQ_platform",
	"platHandOff":	"/home/corbin/sdmay23-47/petalinux/os/HW/CyDAQ_proto_1.xsa",
	"platIntHandOff":	"<platformDir>/hw/CyDAQ_proto_1.xsa",
	"deviceType":	"zynq",
	"platIsPrebuiltAutogen":	"false",
	"platIsNoBootBsp":	"true",
	"hasFsblMakeHasChanges":	"false",
	"hasPmufwMakeHasChanges":	"false",
	"platPreBuiltFlag":	false,
	"platformSamplesDir":	"",
	"platActiveSys":	"CyDAQ_platform",
	"systems":	[{
			"systemName":	"CyDAQ_platform",
			"systemDesc":	"CyDAQ_platform",
			"sysIsBootAutoGen":	"false",
			"systemDispName":	"CyDAQ_platform",
			"sysActiveDom":	"linux_domain",
			"sysDefaultDom":	"linux_domain",
			"domains":	[{
					"domainName":	"linux_domain",
					"domainDispName":	"linux on ps7_cortexa9",
					"domainDesc":	"linux_domain",
					"processors":	"ps7_cortexa9",
					"os":	"linux",
					"sdxOs":	"linux",
					"debugEnable":	"False",
					"domRuntimes":	["cpp"],
					"isLinuxConfigured":	"true",
					"isBuildFlow":	"false",
					"sysBootDir":	"/home/corbin/sdmay23-47/petalinux/sw/linux_files/boot",
					"bootBifFile":	"/home/corbin/sdmay23-47/petalinux/sw/linux_files/boot/linux.bif",
					"isMicroBlaze":	"false",
					"imageLocation":	"/home/corbin/sdmay23-47/petalinux/sw/linux_files/image",
					"bootmode":	"sd",
					"prebuiltLibs":	{
						"prebuiltIncPath":	[],
						"prebuiltLibPath":	[]
					},
					"isolation":	{
					}
				}]
		}]
}
TRACE::2023-03-31.14:56:38::SCWWriter::formatted JSON is {
	"platformName":	"CyDAQ_platform",
	"sprVersion":	"2.0",
	"mode":	"gui",
	"dsaType":	"Fixed",
	"platformDesc":	"CyDAQ_platform",
	"platHandOff":	"/home/corbin/sdmay23-47/petalinux/os/HW/CyDAQ_proto_1.xsa",
	"platIntHandOff":	"<platformDir>/hw/CyDAQ_proto_1.xsa",
	"deviceType":	"zynq",
	"platIsPrebuiltAutogen":	"false",
	"platIsNoBootBsp":	"true",
	"hasFsblMakeHasChanges":	"false",
	"hasPmufwMakeHasChanges":	"false",
	"platPreBuiltFlag":	false,
	"platformSamplesDir":	"",
	"platActiveSys":	"CyDAQ_platform",
	"systems":	[{
			"systemName":	"CyDAQ_platform",
			"systemDesc":	"CyDAQ_platform",
			"sysIsBootAutoGen":	"false",
			"systemDispName":	"CyDAQ_platform",
			"sysActiveDom":	"linux_domain",
			"sysDefaultDom":	"linux_domain",
			"domains":	[{
					"domainName":	"linux_domain",
					"domainDispName":	"linux on ps7_cortexa9",
					"domainDesc":	"linux_domain",
					"processors":	"ps7_cortexa9",
					"os":	"linux",
					"sdxOs":	"linux",
					"debugEnable":	"False",
					"domRuntimes":	["cpp"],
					"isLinuxConfigured":	"true",
					"isBuildFlow":	"false",
					"sysBootDir":	"/home/corbin/sdmay23-47/petalinux/sw/linux_files/boot",
					"bootBifFile":	"/home/corbin/sdmay23-47/petalinux/sw/linux_files/boot/linux.bif",
					"isMicroBlaze":	"false",
					"imageLocation":	"/home/corbin/sdmay23-47/petalinux/sw/linux_files/image",
					"rootfsFile":	"/home/corbin/sdmay23-47/petalinux/sw/linux_files/image/rootfs.cpio",
					"bootmode":	"sd",
					"prebuiltLibs":	{
						"prebuiltIncPath":	[],
						"prebuiltLibPath":	[]
					},
					"isolation":	{
					}
				}]
		}]
}
TRACE::2023-03-31.14:56:43::SCWWriter::formatted JSON is {
	"platformName":	"CyDAQ_platform",
	"sprVersion":	"2.0",
	"mode":	"gui",
	"dsaType":	"Fixed",
	"platformDesc":	"CyDAQ_platform",
	"platHandOff":	"/home/corbin/sdmay23-47/petalinux/os/HW/CyDAQ_proto_1.xsa",
	"platIntHandOff":	"<platformDir>/hw/CyDAQ_proto_1.xsa",
	"deviceType":	"zynq",
	"platIsPrebuiltAutogen":	"false",
	"platIsNoBootBsp":	"true",
	"hasFsblMakeHasChanges":	"false",
	"hasPmufwMakeHasChanges":	"false",
	"platPreBuiltFlag":	false,
	"platformSamplesDir":	"",
	"platActiveSys":	"CyDAQ_platform",
	"systems":	[{
			"systemName":	"CyDAQ_platform",
			"systemDesc":	"CyDAQ_platform",
			"sysIsBootAutoGen":	"false",
			"systemDispName":	"CyDAQ_platform",
			"sysActiveDom":	"linux_domain",
			"sysDefaultDom":	"linux_domain",
			"domains":	[{
					"domainName":	"linux_domain",
					"domainDispName":	"linux on ps7_cortexa9",
					"domainDesc":	"linux_domain",
					"processors":	"ps7_cortexa9",
					"os":	"linux",
					"sdxOs":	"linux",
					"debugEnable":	"False",
					"domRuntimes":	["cpp"],
					"isLinuxConfigured":	"true",
					"isBuildFlow":	"false",
					"sysBootDir":	"/home/corbin/sdmay23-47/petalinux/sw/linux_files/boot",
					"bootBifFile":	"/home/corbin/sdmay23-47/petalinux/sw/linux_files/boot/linux.bif",
					"sysrootLocation":	"/home/corbin/sdmay23-47/petalinux/sw/linux_files/sysroots/cortexa9t2hf-neon-xilinx-linux-gnueabi",
					"isMicroBlaze":	"false",
					"imageLocation":	"/home/corbin/sdmay23-47/petalinux/sw/linux_files/image",
					"rootfsFile":	"/home/corbin/sdmay23-47/petalinux/sw/linux_files/image/rootfs.cpio",
					"bootmode":	"sd",
					"prebuiltLibs":	{
						"prebuiltIncPath":	[],
						"prebuiltLibPath":	[]
					},
					"isolation":	{
					}
				}]
		}]
}
LOG::2023-03-31.14:56:58::SCWPlatform::Started generating the artifacts platform CyDAQ_platform
TRACE::2023-03-31.14:56:58::SCWPlatform::Sanity checking of platform is completed
LOG::2023-03-31.14:56:58::SCWPlatform::Started generating the artifacts for system configuration CyDAQ_platform
LOG::2023-03-31.14:56:58::SCWSystem::Checking the domain linux_domain
LOG::2023-03-31.14:56:58::SCWSystem::Not a boot domain 
TRACE::2023-03-31.14:56:58::SCWSystem::Copying the bif file from  /home/corbin/sdmay23-47/petalinux/sw/linux_files/boot/linux.bif To /home/corbin/sdmay23-47/petalinux/sw/platform/CyDAQ_platform/export/CyDAQ_platform/sw/CyDAQ_platform/boot/
LOG::2023-03-31.14:56:58::SCWSystem::Started Processing the domain linux_domain
TRACE::2023-03-31.14:56:58::SCWDomain::Generating domain artifcats
LOG::2023-03-31.14:57:23::SCWSystem::Completed Processing the domain linux_domain
LOG::2023-03-31.14:57:23::SCWSystem::Completed Processing the sysconfig CyDAQ_platform
LOG::2023-03-31.14:57:23::SCWPlatform::Completed generating the artifacts for system configuration CyDAQ_platform
TRACE::2023-03-31.14:57:23::SCWPlatform::Started preparing the platform 
TRACE::2023-03-31.14:57:23::SCWSystem::Skipping writing of the bif file for system config CyDAQ_platform
TRACE::2023-03-31.14:57:23::SCWPlatform::Started writing the spfm file 
TRACE::2023-03-31.14:57:23::SCWPlatform::Started writing the xpfm file 
TRACE::2023-03-31.14:57:23::SCWPlatform::Completed generating the platform
TRACE::2023-03-31.14:57:23::SCWWriter::formatted JSON is {
	"platformName":	"CyDAQ_platform",
	"sprVersion":	"2.0",
	"mode":	"gui",
	"dsaType":	"Fixed",
	"platformDesc":	"CyDAQ_platform",
	"platHandOff":	"/home/corbin/sdmay23-47/petalinux/os/HW/CyDAQ_proto_1.xsa",
	"platIntHandOff":	"<platformDir>/hw/CyDAQ_proto_1.xsa",
	"deviceType":	"zynq",
	"platIsPrebuiltAutogen":	"false",
	"platIsNoBootBsp":	"true",
	"hasFsblMakeHasChanges":	"false",
	"hasPmufwMakeHasChanges":	"false",
	"platPreBuiltFlag":	false,
	"platformSamplesDir":	"",
	"platActiveSys":	"CyDAQ_platform",
	"systems":	[{
			"systemName":	"CyDAQ_platform",
			"systemDesc":	"CyDAQ_platform",
			"sysIsBootAutoGen":	"false",
			"systemDispName":	"CyDAQ_platform",
			"sysActiveDom":	"linux_domain",
			"sysDefaultDom":	"linux_domain",
			"domains":	[{
					"domainName":	"linux_domain",
					"domainDispName":	"linux on ps7_cortexa9",
					"domainDesc":	"linux_domain",
					"processors":	"ps7_cortexa9",
					"os":	"linux",
					"sdxOs":	"linux",
					"debugEnable":	"False",
					"domRuntimes":	["cpp"],
					"isLinuxConfigured":	"true",
					"isBuildFlow":	"false",
					"sysBootDir":	"/home/corbin/sdmay23-47/petalinux/sw/linux_files/boot",
					"bootBifFile":	"/home/corbin/sdmay23-47/petalinux/sw/linux_files/boot/linux.bif",
					"sysrootLocation":	"/home/corbin/sdmay23-47/petalinux/sw/linux_files/sysroots/cortexa9t2hf-neon-xilinx-linux-gnueabi",
					"isMicroBlaze":	"false",
					"imageLocation":	"/home/corbin/sdmay23-47/petalinux/sw/linux_files/image",
					"rootfsFile":	"/home/corbin/sdmay23-47/petalinux/sw/linux_files/image/rootfs.cpio",
					"bootmode":	"sd",
					"prebuiltLibs":	{
						"prebuiltIncPath":	[],
						"prebuiltLibPath":	[]
					},
					"isolation":	{
					}
				}]
		}]
}
KEYINFO::2023-03-31.14:57:23::SCWPlatform::updated the xpfm file.
