Copyright 1986-2020 Xilinx, Inc. All Rights Reserved.
------------------------------------------------------------------------------------
| Tool Version : Vivado v.2020.1 (win64) Build 2902540 Wed May 27 19:54:49 MDT 2020
| Date         : Wed Mar  8 09:04:06 2023
| Host         : DESKTOP-F6K4P93 running 64-bit major release  (build 9200)
| Command      : upgrade_ip
| Device       : xc7z010clg400-1
------------------------------------------------------------------------------------

Upgrade Log for IP 'design_1_xadc_wiz_0_0'

1. Summary
----------

SUCCESS in the upgrade of design_1_xadc_wiz_0_0 (xilinx.com:ip:xadc_wiz:3.3) from (Rev. 6) to (Rev. 8)






Copyright 1986-2020 Xilinx, Inc. All Rights Reserved.
------------------------------------------------------------------------------------
| Tool Version : Vivado v.2020.1 (win64) Build 2902540 Wed May 27 19:54:49 MDT 2020
| Date         : Wed Mar  8 09:04:06 2023
| Host         : DESKTOP-F6K4P93 running 64-bit major release  (build 9200)
| Command      : upgrade_ip
| Device       : xc7z010clg400-1
------------------------------------------------------------------------------------

Upgrade Log for IP 'design_1_ps7_0_axi_periph_0'

1. Summary
----------

SUCCESS in the upgrade of design_1_ps7_0_axi_periph_0 (xilinx.com:ip:axi_interconnect:2.1) from (Rev. 20) to (Rev. 22)






Copyright 1986-2020 Xilinx, Inc. All Rights Reserved.
------------------------------------------------------------------------------------
| Tool Version : Vivado v.2020.1 (win64) Build 2902540 Wed May 27 19:54:49 MDT 2020
| Date         : Wed Mar  8 09:04:06 2023
| Host         : DESKTOP-F6K4P93 running 64-bit major release  (build 9200)
| Command      : upgrade_ip
| Device       : xc7z010clg400-1
------------------------------------------------------------------------------------

Upgrade Log for IP 'design_1_axi_timer_1_0'

1. Summary
----------

SUCCESS in the upgrade of design_1_axi_timer_1_0 (xilinx.com:ip:axi_timer:2.0) from (Rev. 21) to (Rev. 23)






Copyright 1986-2020 Xilinx, Inc. All Rights Reserved.
------------------------------------------------------------------------------------
| Tool Version : Vivado v.2020.1 (win64) Build 2902540 Wed May 27 19:54:49 MDT 2020
| Date         : Wed Mar  8 09:04:06 2023
| Host         : DESKTOP-F6K4P93 running 64-bit major release  (build 9200)
| Command      : upgrade_ip
| Device       : xc7z010clg400-1
------------------------------------------------------------------------------------

Upgrade Log for IP 'design_1_axi_timer_0_0'

1. Summary
----------

SUCCESS in the upgrade of design_1_axi_timer_0_0 (xilinx.com:ip:axi_timer:2.0) from (Rev. 21) to (Rev. 23)






Copyright 1986-2020 Xilinx, Inc. All Rights Reserved.
------------------------------------------------------------------------------------
| Tool Version : Vivado v.2020.1 (win64) Build 2902540 Wed May 27 19:54:49 MDT 2020
| Date         : Wed Mar  8 09:04:06 2023
| Host         : DESKTOP-F6K4P93 running 64-bit major release  (build 9200)
| Command      : upgrade_ip
| Device       : xc7z010clg400-1
------------------------------------------------------------------------------------

Upgrade Log for IP 'design_1_axi_quad_spi_0_0'

1. Summary
----------

SUCCESS in the upgrade of design_1_axi_quad_spi_0_0 (xilinx.com:ip:axi_quad_spi:3.2) from (Rev. 18) to (Rev. 20)






Copyright 1986-2020 Xilinx, Inc. All Rights Reserved.
------------------------------------------------------------------------------------
| Tool Version : Vivado v.2020.1 (win64) Build 2902540 Wed May 27 19:54:49 MDT 2020
| Date         : Wed Mar  8 09:04:06 2023
| Host         : DESKTOP-F6K4P93 running 64-bit major release  (build 9200)
| Command      : upgrade_ip
| Device       : xc7z010clg400-1
------------------------------------------------------------------------------------

Upgrade Log for IP 'design_1_axi_iic_0_0'

1. Summary
----------

SUCCESS in the upgrade of design_1_axi_iic_0_0 (xilinx.com:ip:axi_iic:2.0) from (Rev. 22) to (Rev. 24)






Copyright 1986-2020 Xilinx, Inc. All Rights Reserved.
------------------------------------------------------------------------------------
| Tool Version : Vivado v.2020.1 (win64) Build 2902540 Wed May 27 19:54:49 MDT 2020
| Date         : Wed Mar  8 09:04:06 2023
| Host         : DESKTOP-F6K4P93 running 64-bit major release  (build 9200)
| Command      : upgrade_ip
| Device       : xc7z010clg400-1
------------------------------------------------------------------------------------

Upgrade Log for IP 'design_1_axi_gpio_0_1'

1. Summary
----------

SUCCESS in the upgrade of design_1_axi_gpio_0_1 (xilinx.com:ip:axi_gpio:2.0) from (Rev. 21) to (Rev. 23)

